SF:pkg/core/httpx/h2_policy.go
DA:9,1
LF:1
LH:1
end_of_record
SF:pkg/core/fips/check.go
DA:22,6
DA:23,6
DA:24,1
DA:25,1
DA:26,6
DA:27,6
DA:28,2
DA:29,2
DA:31,3
DA:32,3
DA:33,3
LF:11
LH:11
end_of_record
SF:pkg/core/router/router.go
DA:29,11
DA:30,11
DA:31,11
DA:33,2
DA:34,2
DA:35,2
DA:36,2
DA:37,2
DA:38,1
DA:39,1
DA:41,1
DA:42,1
DA:43,1
DA:44,1
DA:47,9
DA:48,9
DA:49,9
DA:50,9
DA:51,9
DA:52,9
DA:53,9
DA:54,9
DA:55,9
DA:56,0
DA:57,0
DA:58,9
DA:59,9
DA:60,9
DA:61,9
DA:62,9
DA:63,9
DA:64,9
DA:65,9
DA:66,9
DA:69,8
DA:70,8
DA:71,8
DA:72,8
DA:73,8
DA:74,8
DA:75,8
DA:76,8
DA:77,8
DA:78,1
DA:79,1
DA:80,1
DA:82,7
DA:83,7
DA:84,1
DA:85,1
DA:86,1
DA:87,6
DA:91,11
DA:92,11
DA:93,11
DA:94,11
DA:95,11
DA:96,2
DA:97,2
DA:99,9
DA:100,9
DA:101,9
DA:102,9
DA:103,9
DA:104,0
DA:105,0
DA:107,9
DA:108,9
DA:109,9
DA:110,9
DA:111,9
DA:112,9
DA:113,9
DA:116,8
DA:117,8
DA:118,8
DA:119,0
DA:120,0
DA:121,0
DA:122,0
DA:123,0
DA:129,8
DA:130,7
DA:131,6
DA:132,6
DA:133,6
DA:138,2
DA:139,1
DA:140,1
DA:141,1
DA:142,1
DA:146,1
DA:151,3
DA:155,2
DA:156,2
DA:157,2
DA:158,2
DA:159,1
DA:160,1
DA:161,1
DA:162,1
DA:163,1
LF:102
LH:93
end_of_record
SF:pkg/config/config.go
DA:29,0
DA:30,0
DA:31,0
DA:32,0
DA:33,0
DA:34,0
DA:35,0
DA:36,0
DA:37,0
DA:38,0
DA:39,0
DA:42,112
DA:223,7
DA:225,11
DA:226,11
DA:227,11
DA:228,11
DA:229,11
DA:230,11
DA:231,11
DA:232,11
DA:233,11
DA:234,11
DA:235,11
DA:236,11
DA:237,11
DA:238,11
DA:239,11
DA:240,11
DA:241,11
DA:242,11
DA:243,11
DA:244,11
DA:245,11
DA:246,11
DA:247,11
DA:248,11
DA:249,11
DA:250,11
DA:251,11
DA:252,11
DA:253,11
DA:254,11
DA:255,11
DA:256,11
DA:257,11
DA:258,11
DA:259,11
DA:260,11
DA:261,11
DA:262,11
DA:263,11
DA:264,11
DA:265,11
DA:266,11
DA:267,11
DA:268,11
DA:269,11
DA:270,11
DA:271,11
DA:272,11
DA:273,11
DA:274,11
DA:275,11
DA:276,11
DA:277,11
DA:278,11
DA:279,11
DA:280,11
DA:281,11
DA:282,11
DA:283,11
DA:284,11
DA:285,11
DA:286,11
DA:287,11
DA:288,11
DA:289,11
DA:290,11
DA:299,0
DA:300,0
DA:301,0
DA:302,0
DA:303,0
DA:304,0
DA:310,4
DA:311,4
DA:312,4
DA:313,2
DA:314,2
DA:315,2
DA:316,0
DA:317,0
DA:318,2
DA:323,1
DA:324,1
DA:325,1
DA:326,1
DA:327,0
DA:328,0
DA:329,1
DA:333,4
DA:334,4
DA:335,4
DA:336,4
DA:337,4
DA:338,2
DA:339,2
DA:342,2
DA:343,0
DA:344,0
DA:345,0
DA:348,2
DA:349,2
DA:350,2
DA:355,9
DA:356,9
DA:357,9
DA:358,9
DA:359,9
DA:360,9
DA:361,1
DA:362,1
DA:363,8
DA:364,1
DA:365,1
DA:366,7
DA:367,1
DA:368,1
DA:369,6
DA:370,1
DA:371,1
DA:372,5
DA:373,1
DA:374,1
DA:375,1
DA:376,4
DA:377,1
DA:378,1
DA:379,3
DA:386,4
DA:387,4
DA:388,4
DA:389,1
DA:390,1
DA:391,3
DA:392,1
DA:393,1
DA:394,2
DA:395,2
DA:396,2
DA:397,1
DA:398,1
DA:399,1
DA:400,0
DA:402,1
DA:415,10
DA:416,10
DA:417,1
DA:418,1
DA:419,0
DA:420,0
DA:421,0
DA:422,1
DA:423,1
DA:424,0
DA:425,0
DA:426,0
DA:427,1
DA:428,1
DA:429,0
DA:430,0
DA:431,0
DA:432,1
DA:434,10
DA:439,10
DA:440,10
DA:441,3
DA:442,3
DA:443,7
DA:444,7
DA:445,0
DA:446,0
DA:447,7
DA:448,7
DA:449,0
DA:450,0
DA:451,7
DA:452,1
DA:453,1
DA:454,6
DA:459,3
DA:460,3
DA:461,3
DA:462,3
DA:463,3
DA:464,3
DA:465,3
DA:466,3
DA:467,3
DA:468,3
DA:469,3
DA:470,3
DA:471,3
DA:472,3
DA:473,3
DA:474,3
DA:475,3
DA:476,3
DA:477,3
DA:478,3
DA:479,3
DA:480,3
DA:481,3
DA:482,3
DA:483,3
DA:484,3
DA:485,3
DA:486,3
DA:487,3
DA:488,3
DA:489,3
DA:490,3
DA:491,3
DA:492,3
DA:493,3
DA:494,3
DA:495,3
DA:496,3
DA:497,3
DA:498,3
DA:499,3
DA:500,3
DA:501,3
DA:502,3
DA:503,3
DA:504,3
DA:505,3
DA:506,3
DA:507,3
DA:508,3
DA:509,3
DA:510,3
DA:511,3
DA:512,3
DA:513,3
DA:514,3
DA:515,3
DA:516,3
DA:517,3
DA:518,3
DA:519,3
DA:520,3
DA:521,3
DA:522,3
DA:523,3
DA:524,3
DA:525,3
DA:526,3
DA:527,3
DA:528,3
DA:529,3
DA:535,47
DA:536,47
DA:537,47
DA:538,45
DA:539,45
DA:540,2
DA:541,2
DA:542,1
DA:543,1
DA:546,31
DA:547,31
DA:548,31
DA:549,30
DA:550,30
DA:551,1
DA:552,1
DA:553,1
DA:554,1
DA:557,10
DA:558,10
DA:559,10
DA:560,9
DA:561,9
DA:562,1
DA:563,1
DA:564,1
DA:565,1
DA:568,7
DA:569,7
DA:570,7
DA:571,6
DA:572,6
DA:573,1
DA:574,1
DA:575,1
DA:576,1
DA:579,35
DA:580,35
DA:581,1
DA:582,1
DA:585,23
DA:586,23
DA:587,23
DA:588,21
DA:589,21
DA:590,2
DA:591,2
DA:592,1
DA:593,1
DA:596,8
DA:597,8
DA:598,8
DA:599,7
DA:600,7
DA:601,1
DA:602,1
DA:603,3
DA:604,3
DA:605,3
DA:606,3
DA:608,1
DA:609,1
DA:610,1
DA:617,1
LF:326
LH:288
end_of_record
SF:pkg/clisupport/actions.go
DA:22,2
DA:23,2
DA:24,1
DA:25,1
DA:26,1
DA:27,1
DA:28,1
DA:29,1
DA:30,1
DA:31,1
DA:32,1
DA:33,1
DA:34,1
DA:35,0
DA:36,0
DA:37,1
DA:40,2
DA:41,2
DA:42,1
DA:43,1
DA:44,1
DA:47,2
DA:48,2
DA:49,1
DA:50,1
DA:51,1
DA:52,1
DA:53,1
DA:54,1
DA:55,0
DA:56,0
DA:58,1
DA:59,1
DA:60,1
DA:61,1
DA:62,1
DA:65,1
DA:66,1
DA:67,1
DA:68,1
DA:69,1
DA:70,1
DA:71,1
DA:72,1
DA:73,1
DA:74,1
DA:75,1
DA:76,1
DA:77,1
DA:78,1
DA:79,1
DA:80,1
DA:81,1
DA:84,3
DA:85,3
DA:86,3
DA:87,0
DA:88,0
DA:89,3
DA:90,1
DA:91,1
DA:92,2
DA:97,0
DA:98,0
DA:99,0
DA:100,0
DA:101,0
DA:102,0
DA:106,2
DA:107,2
DA:108,1
DA:109,1
DA:114,0
DA:115,0
DA:116,0
DA:117,0
DA:118,0
DA:119,0
DA:120,0
LF:79
LH:60
end_of_record
SF:pkg/core/lifecycle/shutdown.go
DA:18,5
DA:19,5
DA:20,5
DA:21,5
DA:22,5
DA:24,1
DA:25,1
DA:26,1
DA:27,1
DA:28,0
DA:29,0
DA:30,0
DA:35,4
DA:36,4
DA:37,1
DA:38,1
DA:39,4
DA:40,4
DA:41,4
LF:19
LH:16
end_of_record
SF:pkg/core/version/version.go
DA:36,16
DA:37,16
DA:38,1
DA:39,1
DA:40,15
DA:41,1
DA:42,1
DA:43,16
DA:44,16
DA:45,3
DA:46,3
DA:48,11
DA:54,5
DA:55,5
DA:56,5
DA:63,10
DA:64,10
DA:65,10
DA:66,10
DA:67,64
DA:68,64
DA:69,2
DA:70,2
DA:71,1
DA:72,1
DA:73,2
DA:74,2
DA:75,1
DA:76,1
DA:80,10
DA:81,10
DA:82,10
DA:83,10
DA:84,10
DA:85,10
DA:86,10
DA:87,10
DA:88,10
DA:89,10
DA:93,2
DA:94,2
DA:95,2
DA:96,2
DA:97,2
DA:98,2
LF:45
LH:45
end_of_record
SF:pkg/core/mw/accesslog.go
DA:15,1
DA:16,1
DA:17,1
DA:18,1
DA:19,1
DA:20,1
DA:21,1
DA:22,1
DA:23,1
DA:24,1
DA:25,1
DA:26,1
DA:27,1
DA:28,1
DA:29,0
DA:30,0
DA:31,1
DA:32,0
DA:33,0
DA:34,1
DA:35,0
DA:36,0
DA:37,1
DA:42,5
DA:43,5
DA:44,2
DA:45,1
DA:46,1
DA:47,1
DA:49,3
DA:50,3
DA:51,1
DA:52,1
DA:53,2
DA:65,0
DA:67,1
DA:68,1
DA:69,1
DA:70,1
DA:72,1
DA:73,1
DA:74,1
DA:75,1
DA:76,1
LF:44
LH:37
end_of_record
SF:pkg/core/mw/authn_jwks.go
DA:42,3
DA:43,3
DA:44,3
DA:49,0
DA:50,0
DA:51,0
DA:52,0
DA:53,0
DA:54,0
DA:55,0
DA:56,0
DA:57,0
DA:58,0
DA:59,0
DA:61,0
DA:62,0
DA:63,0
DA:65,0
DA:69,4
DA:70,4
DA:71,2
DA:72,2
DA:73,1
DA:74,1
DA:76,1
DA:82,3
DA:83,3
DA:84,3
DA:85,3
DA:86,3
DA:87,1
DA:88,1
DA:90,2
DA:91,2
DA:92,1
DA:93,1
DA:94,1
DA:95,1
DA:96,1
DA:97,1
DA:98,1
DA:102,6
DA:103,6
DA:104,6
DA:105,2
DA:106,2
DA:107,4
DA:108,4
DA:109,4
DA:110,4
DA:111,4
DA:112,4
DA:113,0
DA:114,0
DA:116,4
DA:117,4
DA:118,4
DA:119,4
DA:120,1
DA:122,3
DA:124,4
DA:128,8
DA:129,8
DA:130,8
DA:131,8
DA:132,8
DA:133,8
DA:134,0
DA:135,0
DA:136,8
DA:137,2
DA:138,2
DA:139,2
DA:140,0
DA:141,0
DA:142,2
DA:143,4
DA:144,4
DA:145,4
DA:146,1
DA:147,1
DA:148,3
DA:149,2
DA:150,2
DA:155,2
DA:156,2
DA:157,2
DA:158,2
DA:159,2
DA:160,2
DA:161,0
DA:162,0
DA:163,2
DA:164,2
DA:165,0
DA:166,0
DA:167,2
DA:168,2
DA:169,0
DA:170,0
DA:171,2
DA:172,2
DA:173,2
DA:174,2
DA:178,4
DA:179,4
DA:180,4
DA:181,4
DA:182,4
DA:183,4
DA:184,4
DA:185,0
DA:186,0
DA:187,4
DA:188,4
DA:189,2
DA:190,2
DA:191,1
DA:192,1
DA:193,1
DA:194,1
DA:196,3
DA:197,3
DA:198,0
DA:199,0
DA:200,3
DA:201,3
DA:202,0
DA:203,0
DA:204,3
DA:205,3
DA:206,3
DA:207,3
DA:208,3
LF:134
LH:101
end_of_record
SF:pkg/core/mw/authn_jwt.go
DA:23,0
DA:24,0
DA:25,0
DA:26,0
DA:27,0
DA:28,0
DA:29,0
DA:30,0
DA:31,0
DA:32,0
DA:34,0
DA:35,0
DA:36,0
DA:37,0
DA:38,0
DA:39,0
DA:40,0
DA:41,0
DA:42,0
DA:43,0
DA:44,0
DA:45,0
DA:46,0
DA:47,0
DA:48,0
DA:49,0
DA:50,0
DA:51,0
DA:53,0
DA:54,0
DA:55,0
DA:56,0
DA:57,0
DA:58,0
DA:61,0
DA:68,4
DA:69,4
DA:70,4
DA:71,4
DA:72,4
DA:73,1
DA:74,1
DA:76,3
DA:77,3
DA:78,1
DA:79,1
DA:80,1
DA:81,1
DA:82,1
DA:83,1
DA:84,2
DA:85,2
DA:86,2
DA:87,8
DA:88,8
DA:89,8
DA:90,5
DA:92,3
DA:94,2
DA:95,0
DA:96,0
DA:97,0
DA:98,0
DA:99,0
DA:100,2
DA:104,1
DA:105,1
DA:106,1
DA:107,1
DA:108,0
DA:109,0
DA:110,0
DA:111,0
DA:112,0
DA:113,0
DA:114,0
DA:115,0
DA:117,0
DA:121,0
DA:122,0
DA:123,0
DA:124,0
DA:125,0
DA:126,0
DA:133,2
DA:134,2
DA:135,0
DA:136,0
DA:137,2
DA:138,1
DA:139,1
DA:140,1
DA:141,1
DA:147,0
DA:148,0
DA:149,0
DA:150,0
DA:151,0
DA:152,0
DA:153,0
DA:154,0
DA:155,0
DA:156,0
DA:157,0
DA:158,0
DA:159,0
DA:160,0
DA:161,0
DA:162,0
DA:164,0
DA:165,0
DA:166,0
DA:167,0
DA:168,0
DA:169,0
DA:171,0
DA:172,0
LF:117
LH:36
end_of_record
SF:pkg/core/mw/authn_signer.go
DA:29,1
DA:30,1
DA:31,1
DA:32,0
DA:33,0
DA:34,1
DA:35,1
DA:36,1
DA:37,1
DA:38,0
DA:42,2
DA:43,2
DA:44,2
DA:45,2
DA:46,2
DA:47,2
DA:48,2
DA:49,2
DA:50,2
DA:51,2
DA:52,1
DA:53,1
DA:54,1
DA:55,1
DA:60,10
DA:61,10
DA:62,10
DA:63,1
DA:64,1
DA:66,9
DA:67,2
DA:68,2
DA:69,7
DA:70,2
DA:71,2
DA:72,5
DA:73,3
DA:74,3
DA:75,0
DA:76,0
DA:77,3
DA:79,2
DA:82,3
DA:83,3
DA:84,1
DA:85,1
DA:86,1
DA:87,1
DA:88,1
DA:89,1
DA:90,1
DA:95,8
DA:96,8
DA:97,4
DA:98,4
DA:99,2
DA:100,2
DA:101,1
DA:102,1
DA:103,1
DA:104,1
LF:61
LH:56
end_of_record
SF:pkg/core/mw/authz.go
DA:20,0
DA:21,0
DA:22,0
DA:23,0
DA:24,0
DA:25,0
DA:26,0
DA:27,0
DA:31,10
DA:32,10
DA:33,10
DA:34,10
DA:35,10
DA:36,10
DA:37,0
DA:38,0
DA:39,0
DA:41,10
DA:42,10
DA:43,2
DA:44,2
DA:45,2
DA:46,8
DA:47,8
DA:48,8
DA:49,8
DA:50,2
DA:51,2
DA:52,2
DA:53,6
DA:54,6
DA:55,6
DA:56,4
DA:57,4
DA:58,2
DA:63,10
DA:64,10
DA:65,10
DA:66,10
DA:67,10
DA:68,10
DA:69,10
DA:70,10
DA:71,10
DA:72,4
DA:73,4
DA:74,6
DA:77,10
DA:78,10
DA:79,10
DA:80,0
DA:81,0
DA:82,10
DA:86,4
DA:87,4
DA:88,1
DA:89,1
DA:90,3
DA:91,3
DA:92,3
DA:93,3
DA:94,1
DA:95,1
DA:96,1
DA:97,2
DA:102,13
DA:103,13
DA:104,2
DA:105,2
DA:106,1
DA:107,1
DA:108,2
DA:110,11
DA:115,13
DA:116,13
DA:117,2
DA:118,2
DA:119,2
DA:120,2
DA:121,1
DA:122,1
DA:126,11
LF:82
LH:69
end_of_record
SF:pkg/core/mw/concurrency.go
DA:16,4
DA:17,4
DA:18,4
DA:19,1
DA:20,1
DA:21,3
DA:22,3
DA:23,3
DA:24,3
DA:25,7
DA:26,7
DA:27,7
DA:31,3
DA:32,3
DA:33,5
DA:34,5
DA:35,5
DA:36,1
DA:37,1
DA:38,1
DA:39,1
DA:40,4
DA:41,4
DA:42,4
DA:43,3
DA:45,1
DA:46,1
DA:47,1
DA:49,3
DA:51,3
LF:30
LH:30
end_of_record
SF:pkg/core/mw/otelspan.go
DA:19,4
DA:20,4
DA:21,4
DA:22,4
DA:23,4
DA:24,4
DA:25,4
DA:26,4
DA:27,4
DA:28,4
DA:29,4
DA:30,4
DA:31,3
DA:32,3
DA:34,1
DA:35,1
DA:36,1
DA:37,1
DA:38,1
DA:39,1
DA:40,1
DA:41,1
DA:42,1
DA:43,1
DA:44,1
DA:45,1
DA:46,1
DA:47,1
DA:53,8
DA:54,8
DA:55,8
DA:56,8
DA:57,2
DA:58,2
DA:59,6
DA:70,0
DA:72,4
DA:73,4
DA:74,4
DA:75,4
LF:40
LH:39
end_of_record
SF:pkg/core/mw/owasp.go
DA:13,3
DA:14,3
DA:15,3
DA:16,3
DA:17,3
DA:18,3
DA:19,3
DA:20,3
DA:21,3
DA:22,0
DA:23,0
DA:25,3
DA:26,1
DA:27,1
DA:29,3
DA:30,0
DA:31,0
DA:33,3
DA:34,0
DA:35,0
DA:36,0
DA:37,0
DA:39,3
DA:52,0
DA:54,3
DA:55,3
DA:56,1
DA:57,1
DA:58,2
DA:59,1
DA:60,1
DA:61,2
DA:62,2
DA:63,2
LF:34
LH:25
end_of_record
SF:pkg/core/mw/pressure.go
DA:13,2
DA:14,2
DA:15,1
DA:16,1
DA:17,1
DA:18,1
DA:19,1
DA:20,0
DA:21,0
DA:23,1
DA:24,1
DA:25,1
DA:26,1
DA:27,1
DA:28,1
DA:29,1
DA:30,1
DA:31,0
DA:32,0
DA:33,0
DA:34,0
DA:35,0
DA:36,0
DA:37,0
DA:38,0
DA:39,0
DA:40,0
DA:41,0
DA:42,0
DA:43,0
DA:44,0
DA:45,0
DA:50,5
DA:51,5
DA:52,1
DA:53,1
DA:54,4
DA:55,1
DA:56,1
DA:57,3
LF:40
LH:23
end_of_record
SF:pkg/core/mw/requestid.go
DA:14,2
DA:15,2
DA:16,2
DA:17,2
DA:18,1
DA:19,1
DA:20,2
DA:21,2
DA:22,2
DA:31,4
DA:32,4
DA:33,4
DA:34,4
DA:35,4
DA:36,4
DA:37,4
DA:38,4
DA:39,40
DA:40,40
DA:41,40
DA:42,40
DA:45,4
DA:46,4
DA:47,32
DA:48,32
DA:49,32
DA:50,32
DA:51,32
DA:52,32
DA:53,32
DA:54,32
DA:56,4
LF:32
LH:32
end_of_record
SF:pkg/core/mw/shedding.go
DA:9,2
DA:10,2
DA:11,2
DA:12,1
DA:13,1
DA:14,1
DA:15,1
DA:16,1
LF:8
LH:8
end_of_record
SF:pkg/core/mw/tracecontext.go
DA:18,0
DA:19,0
DA:20,0
DA:21,0
DA:22,0
DA:23,0
DA:24,0
DA:25,0
DA:31,0
DA:32,0
DA:33,0
DA:34,0
DA:35,0
DA:36,0
DA:37,0
DA:38,0
DA:40,0
DA:44,0
DA:45,0
DA:46,0
DA:47,0
DA:48,0
LF:22
LH:0
end_of_record
SF:pkg/core/acme/manager.go
DA:53,48
DA:57,3
DA:61,2
DA:62,2
DA:63,2
DA:64,1
DA:65,1
DA:66,1
DA:67,1
DA:68,0
DA:69,0
DA:70,1
DA:74,12
DA:75,12
DA:76,12
DA:79,5
DA:80,5
DA:81,5
DA:85,2
DA:86,2
DA:87,1
DA:88,1
DA:89,1
DA:95,8
DA:96,8
DA:97,8
DA:98,8
DA:99,5
DA:100,5
DA:101,1
DA:102,1
DA:103,1
DA:104,4
DA:105,2
DA:106,2
DA:107,2
DA:108,2
DA:109,2
DA:110,2
DA:111,2
DA:114,3
DA:115,3
DA:116,3
DA:117,2
DA:118,2
DA:119,3
DA:120,2
DA:121,2
DA:122,1
DA:123,1
DA:124,3
DA:130,9
DA:131,9
DA:132,8
DA:133,8
DA:134,1
DA:139,7
DA:140,7
DA:141,7
DA:142,5
DA:143,5
DA:144,2
DA:145,2
DA:146,1
DA:147,1
DA:148,1
DA:149,1
DA:153,7
DA:154,7
DA:155,7
DA:156,0
DA:157,0
DA:158,7
DA:163,10
DA:164,10
DA:165,3
DA:166,3
DA:167,7
DA:168,7
DA:169,1
DA:170,1
DA:171,6
DA:172,3
DA:173,1
DA:174,1
DA:175,3
DA:177,3
DA:178,3
DA:183,3
DA:184,3
DA:185,3
DA:186,3
DA:187,0
DA:188,0
DA:193,2
DA:194,2
DA:195,2
DA:196,1
DA:197,1
DA:198,1
DA:200,2
DA:201,2
DA:202,2
DA:208,7
DA:209,7
DA:210,7
DA:211,1
DA:212,1
DA:213,6
DA:214,2
DA:215,2
DA:216,4
DA:217,4
DA:218,4
DA:219,4
DA:220,0
DA:222,0
DA:223,0
DA:224,0
DA:225,0
DA:229,0
DA:235,4
DA:236,4
DA:237,4
DA:238,1
DA:239,1
DA:240,4
DA:241,4
DA:242,4
DA:243,0
DA:244,0
DA:245,4
DA:246,4
DA:247,0
DA:248,0
DA:249,4
DA:253,8
DA:254,8
DA:255,8
DA:256,8
DA:257,8
DA:258,8
DA:272,6
DA:273,6
DA:274,6
DA:275,1
DA:276,1
DA:277,5
DA:278,5
DA:279,1
DA:280,1
DA:281,4
DA:285,5
DA:286,5
DA:287,4
DA:288,2
DA:289,2
DA:291,3
DA:297,5
DA:298,5
DA:299,5
DA:300,2
DA:301,2
DA:302,3
DA:303,3
DA:304,1
DA:305,1
DA:306,2
DA:309,6
DA:310,6
DA:311,6
DA:312,3
DA:313,3
DA:314,3
DA:315,1
DA:316,1
DA:317,2
DA:318,2
DA:319,1
DA:320,1
DA:321,1
DA:327,7
DA:328,7
DA:329,4
DA:330,4
DA:331,3
DA:332,3
DA:333,1
DA:334,1
DA:335,2
DA:340,5
DA:341,5
DA:342,5
DA:343,1
DA:344,1
DA:345,4
DA:346,4
DA:347,4
DA:348,1
DA:349,1
DA:350,3
DA:351,1
DA:352,1
DA:353,2
DA:356,7
DA:357,7
DA:358,7
DA:359,3
DA:360,3
DA:361,4
DA:362,4
DA:363,3
DA:364,3
DA:365,1
DA:368,3
DA:369,4
DA:370,4
DA:371,2
DA:372,2
DA:374,1
DA:377,6
DA:378,6
DA:379,6
DA:380,6
DA:381,6
DA:382,6
DA:383,6
DA:385,7
DA:386,7
DA:387,7
DA:388,1
DA:389,1
DA:390,6
DA:391,1
DA:392,1
DA:393,5
DA:394,5
DA:395,5
DA:396,3
DA:397,3
DA:398,2
DA:399,1
DA:400,1
DA:401,1
DA:402,0
DA:403,0
DA:404,1
DA:407,9
DA:408,9
DA:409,9
DA:410,7
DA:411,7
DA:412,9
DA:413,9
DA:414,0
DA:415,0
DA:416,9
DA:417,9
DA:418,9
DA:419,2
DA:420,2
DA:421,7
DA:424,3
DA:425,3
DA:426,3
DA:427,1
DA:428,1
DA:429,2
DA:430,2
DA:431,2
DA:432,2
DA:433,2
DA:436,7
DA:437,7
DA:438,7
DA:439,0
DA:440,0
DA:441,7
DA:442,7
DA:443,1
DA:444,1
DA:445,6
DA:446,6
DA:451,10
DA:452,10
DA:453,6
DA:454,1
DA:455,1
DA:458,9
DA:459,9
DA:460,0
DA:461,0
DA:463,9
DA:464,5
DA:465,5
DA:466,5
DA:468,9
DA:471,9
DA:472,9
DA:473,9
DA:474,6
DA:475,6
DA:476,3
DA:477,3
DA:478,1
DA:479,1
DA:480,2
DA:488,6
DA:489,6
DA:490,6
DA:491,6
DA:492,4
DA:493,4
DA:494,2
DA:495,2
DA:496,0
DA:497,0
DA:498,2
DA:499,2
DA:500,1
DA:501,1
DA:502,1
DA:512,16
DA:513,16
DA:514,16
DA:515,0
DA:516,0
DA:517,16
DA:518,2
DA:519,2
DA:520,14
DA:521,17
DA:522,17
DA:523,17
DA:524,17
DA:525,17
DA:526,4
DA:527,4
DA:529,10
DA:534,9
DA:535,9
DA:536,9
DA:537,9
DA:538,9
DA:539,2
DA:540,2
DA:541,7
DA:546,5
DA:547,5
DA:548,1
DA:549,1
DA:550,4
DA:551,4
DA:552,1
DA:553,1
DA:554,3
DA:559,5
DA:560,5
DA:561,5
DA:562,2
DA:563,2
DA:564,3
DA:565,3
DA:566,0
DA:567,0
DA:568,3
DA:569,1
DA:570,1
DA:571,2
DA:572,2
DA:573,2
DA:574,2
DA:575,2
LF:373
LH:343
end_of_record
SF:pkg/core/tracing/provider.go
DA:55,8
DA:56,8
DA:57,2
DA:58,2
DA:60,6
DA:61,6
DA:62,6
DA:63,6
DA:64,6
DA:65,6
DA:66,6
DA:67,6
DA:68,6
DA:69,6
DA:70,6
DA:71,6
DA:72,6
DA:73,6
DA:74,6
DA:75,6
DA:80,3090
DA:81,3090
DA:82,2112
DA:83,978
DA:89,7
DA:90,7
DA:91,1
DA:92,1
DA:93,6
DA:94,6
DA:97,6
DA:98,6
DA:99,6
DA:100,6
DA:101,6
DA:102,6
DA:103,6
DA:104,6
DA:105,5
DA:106,5
DA:107,5
DA:110,71
DA:111,71
DA:112,65
DA:113,65
DA:114,65
DA:115,0
DA:116,0
DA:117,0
DA:118,0
DA:119,6
DA:120,2053
DA:121,2053
DA:122,2047
DA:123,2047
DA:124,6
DA:125,6
DA:126,6
DA:133,5
DA:134,5
DA:135,5
DA:136,0
DA:137,0
DA:138,5
DA:139,5
DA:140,5
DA:141,5
DA:142,0
DA:143,0
DA:144,5
DA:145,5
DA:146,5
DA:147,3
DA:148,3
DA:149,2
DA:203,4238
DA:204,2115
DA:206,8
DA:207,8
DA:208,2115
DA:209,2115
DA:210,2115
DA:211,1
DA:212,1
DA:213,2115
DA:214,2115
DA:215,2115
DA:216,2115
DA:217,2115
DA:218,2115
DA:219,2115
DA:220,2115
DA:221,2115
DA:222,2115
DA:223,2115
DA:224,2115
DA:225,2115
DA:226,2115
DA:227,2115
DA:229,8
DA:230,8
DA:231,8
DA:232,8
DA:233,8
DA:234,8
DA:235,8
DA:236,8
LF:107
LH:99
end_of_record
SF:pkg/core/sidecar/circuit.go
DA:27,10
DA:28,10
DA:29,1
DA:30,1
DA:31,10
DA:32,1
DA:33,1
DA:34,10
DA:40,19
DA:41,19
DA:42,19
DA:43,19
DA:44,19
DA:45,12
DA:46,12
DA:48,6
DA:49,6
DA:50,4
DA:51,4
DA:52,4
DA:53,2
DA:55,1
DA:56,1
DA:57,1
DA:59,0
DA:62,12
DA:63,12
DA:64,12
DA:65,12
DA:66,3
DA:67,3
DA:68,3
DA:69,9
DA:70,9
DA:71,5
DA:72,5
DA:73,5
DA:76,3
DA:77,3
DA:78,3
DA:79,3
DA:80,2
DA:81,2
DA:82,2
DA:83,1
DA:84,1
DA:85,1
LF:47
LH:46
end_of_record
SF:pkg/core/sidecar/health.go
DA:26,1
DA:27,1
DA:28,1
DA:29,1
DA:30,1
DA:31,1
DA:32,0
DA:33,0
DA:34,1
DA:35,1
DA:36,0
DA:37,0
DA:39,1
DA:40,1
DA:41,1
DA:42,1
DA:43,1
DA:44,1
DA:45,1
DA:46,1
DA:47,1
DA:48,1
DA:49,1
DA:50,0
DA:51,0
DA:57,5
DA:58,5
DA:59,5
DA:60,1
DA:61,1
DA:62,0
DA:63,0
DA:64,1
DA:66,4
DA:67,4
DA:68,4
DA:69,4
DA:70,0
DA:71,0
LF:39
LH:29
end_of_record
SF:pkg/core/sidecar/proxy.go
DA:30,5
DA:31,5
DA:32,5
DA:33,1
DA:34,1
DA:36,4
DA:37,4
DA:38,1
DA:39,1
DA:41,3
DA:42,3
DA:43,1
DA:44,1
DA:45,1
DA:46,1
DA:47,1
DA:48,1
DA:50,3
DA:51,3
DA:52,3
DA:53,3
DA:54,3
DA:55,3
DA:56,3
DA:57,1
DA:58,1
DA:60,3
DA:61,3
DA:62,0
DA:63,0
DA:64,0
DA:65,0
DA:66,0
DA:67,0
DA:68,0
DA:69,0
DA:70,0
DA:71,0
DA:72,0
DA:75,0
DA:76,0
DA:77,0
DA:78,0
DA:79,0
DA:80,0
DA:81,0
DA:82,0
DA:83,0
DA:84,0
DA:85,0
DA:86,0
DA:87,0
DA:88,0
DA:89,0
DA:91,0
DA:92,0
DA:93,0
DA:94,0
DA:95,0
DA:96,0
DA:97,0
DA:98,0
DA:103,3
DA:110,10
DA:111,10
DA:112,4
DA:113,4
DA:114,4
DA:115,0
DA:118,6
DA:119,6
DA:120,6
DA:121,6
DA:122,6
DA:123,1
DA:124,1
DA:126,6
DA:127,3
DA:128,3
DA:129,2
DA:130,2
DA:131,1
DA:132,1
DA:133,1
DA:134,1
DA:135,0
DA:138,3
DA:139,1
DA:140,1
DA:141,1
DA:142,1
DA:143,0
DA:146,2
DA:151,3
DA:152,3
DA:153,1
DA:154,1
DA:155,3
DA:156,2
DA:157,2
DA:158,1
DA:159,1
DA:160,1
DA:161,1
DA:162,2
DA:163,2
DA:164,1
DA:165,1
DA:175,1
DA:176,1
DA:177,1
DA:178,1
DA:179,1
DA:180,0
DA:181,0
DA:182,0
DA:183,0
DA:184,0
DA:185,0
DA:186,0
LF:120
LH:76
end_of_record
SF:pkg/core/sidecar/xff.go
DA:18,5
DA:19,5
DA:20,5
DA:21,1
DA:22,1
DA:23,1
DA:24,1
DA:25,3
DA:26,3
DA:27,2
DA:28,2
DA:29,1
DA:30,1
DA:32,5
DA:46,10
DA:47,10
DA:48,6
DA:49,6
DA:50,4
DA:51,4
DA:52,3
DA:53,3
DA:54,3
DA:56,4
DA:57,4
DA:58,4
DA:59,4
DA:60,3
DA:61,3
DA:62,1
DA:65,7
DA:66,7
DA:67,7
DA:68,1
DA:69,1
DA:70,6
LF:36
LH:36
end_of_record
SF:pkg/core/options.go
DA:11,1
DA:12,1
DA:15,1
DA:16,1
DA:19,1
DA:20,1
DA:23,1
DA:24,1
DA:29,8
DA:30,8
DA:31,8
DA:32,8
DA:33,8
DA:38,1
DA:39,1
DA:40,1
DA:41,1
LF:17
LH:17
end_of_record
SF:pkg/core/passthrough.go
DA:14,3
DA:15,3
DA:16,3
LF:3
LH:3
end_of_record
SF:pkg/core/server.go
DA:59,0
DA:60,0
DA:61,0
DA:66,0
DA:67,0
DA:68,0
DA:71,0
DA:72,0
DA:73,0
DA:122,1
DA:123,2
DA:124,2
DA:125,1
DA:126,1
DA:127,1
DA:135,0
DA:136,0
DA:137,0
DA:138,0
DA:139,0
DA:142,89
DA:143,89
DA:144,89
DA:145,89
DA:146,89
DA:147,89
DA:148,89
DA:149,89
DA:150,89
DA:151,89
DA:152,13
DA:153,13
DA:154,89
DA:159,1
DA:160,1
DA:161,1
DA:162,1
DA:168,24
DA:169,24
DA:170,24
DA:171,24
DA:172,24
DA:173,24
DA:174,1
DA:175,1
DA:176,1
DA:177,24
DA:178,24
DA:179,24
DA:180,22
DA:181,22
DA:182,22
DA:184,2
DA:185,2
DA:186,0
DA:187,0
DA:188,0
DA:189,0
DA:191,2
DA:192,2
DA:193,2
DA:194,2
DA:195,2
DA:196,2
DA:197,2
DA:198,2
DA:199,2
DA:201,2
DA:202,2
DA:203,2
DA:204,2
DA:205,2
DA:211,8
DA:212,8
DA:213,6
DA:214,6
DA:215,6
DA:216,2
DA:217,2
DA:218,1
DA:219,1
DA:220,1
DA:221,1
DA:226,23
DA:227,23
DA:228,23
DA:229,23
DA:234,29
DA:235,29
DA:236,29
DA:237,29
DA:238,29
DA:239,29
DA:240,29
DA:241,29
DA:242,24
DA:243,24
DA:245,5
DA:246,5
DA:247,0
DA:248,0
DA:249,0
DA:250,5
DA:256,6
DA:257,6
DA:258,2
DA:259,2
DA:260,1
DA:261,1
DA:262,1
DA:264,4
DA:265,4
DA:268,15
DA:269,15
DA:270,0
DA:271,0
DA:272,15
DA:273,1
DA:274,1
DA:276,15
DA:277,15
DA:278,15
DA:279,15
DA:280,15
DA:281,15
DA:283,15
DA:284,0
DA:285,0
DA:286,0
DA:289,15
DA:290,15
DA:291,15
DA:292,15
DA:293,15
DA:294,15
DA:295,15
DA:296,15
DA:297,15
DA:298,15
DA:299,15
DA:300,15
DA:301,15
DA:302,15
DA:303,15
DA:304,15
DA:305,15
DA:306,15
DA:307,15
DA:308,15
DA:309,15
DA:314,15
DA:315,15
DA:316,13
DA:317,13
DA:318,2
DA:319,2
DA:320,1
DA:321,1
DA:322,1
DA:323,1
DA:329,16
DA:330,16
DA:331,16
DA:332,1
DA:333,1
DA:334,16
DA:335,16
DA:336,16
DA:340,6
DA:341,6
DA:342,6
DA:343,0
DA:344,0
DA:345,6
DA:350,15
DA:351,15
DA:352,15
DA:353,15
DA:354,15
DA:355,1
DA:356,1
DA:357,1
DA:358,1
DA:359,1
DA:360,1
DA:362,15
DA:363,1
DA:364,1
DA:365,1
DA:366,1
DA:367,1
DA:368,1
DA:370,15
DA:371,1
DA:372,1
DA:373,1
DA:374,1
DA:375,1
DA:376,1
DA:378,15
DA:379,1
DA:380,1
DA:381,1
DA:382,1
DA:383,1
DA:384,1
DA:385,1
DA:392,17
DA:393,17
DA:394,16
DA:395,16
DA:396,1
DA:397,1
DA:398,1
DA:399,1
DA:400,1
DA:401,1
DA:402,1
DA:403,1
DA:408,20
DA:409,20
DA:410,18
DA:411,18
DA:412,2
DA:413,1
DA:414,1
DA:415,1
DA:416,1
DA:417,1
DA:418,1
DA:420,1
DA:421,0
DA:422,0
DA:423,1
DA:424,1
DA:425,0
DA:426,0
DA:427,1
DA:428,1
DA:429,1
DA:430,1
DA:431,1
DA:432,1
DA:436,17
DA:437,17
DA:438,1
DA:439,1
DA:440,1
DA:441,1
DA:442,1
DA:444,17
DA:445,17
DA:446,1
DA:447,0
DA:448,0
DA:449,1
DA:450,1
DA:451,1
DA:452,1
DA:453,1
DA:459,19
DA:460,19
DA:461,2
DA:462,2
DA:463,2
DA:464,2
DA:465,2
DA:467,19
DA:468,2
DA:469,1
DA:470,1
DA:471,1
DA:472,1
DA:473,1
DA:474,1
DA:475,1
DA:476,1
DA:477,1
DA:478,1
DA:479,1
DA:482,19
DA:483,19
DA:484,19
DA:485,19
DA:486,19
DA:487,19
DA:488,1
DA:489,1
DA:490,1
DA:491,1
DA:492,1
DA:498,15
DA:499,15
DA:500,15
DA:501,14
DA:502,14
DA:503,1
DA:504,1
DA:509,17
DA:510,17
DA:511,16
DA:512,16
DA:513,17
DA:514,1
DA:515,1
DA:516,1
DA:517,1
DA:518,1
DA:519,0
DA:520,0
DA:521,16
DA:522,16
DA:523,16
DA:524,16
DA:525,16
DA:526,0
DA:527,0
DA:533,19
DA:534,19
DA:535,16
DA:536,16
DA:537,3
DA:538,3
DA:539,1
DA:540,1
DA:541,3
DA:542,1
DA:543,1
DA:544,3
DA:545,1
DA:546,1
DA:552,19
DA:553,19
DA:554,16
DA:555,16
DA:557,3
DA:558,1
DA:559,1
DA:560,0
DA:561,0
DA:562,1
DA:566,3
DA:567,3
DA:568,3
DA:569,2
DA:570,2
DA:571,2
DA:572,1
DA:573,1
DA:578,17
DA:579,17
DA:580,2
DA:581,2
DA:582,15
DA:588,0
DA:590,30
DA:591,30
DA:592,4
DA:593,4
DA:594,30
DA:595,3
DA:596,3
DA:597,30
DA:598,5
DA:599,2
DA:600,1
DA:601,1
DA:602,1
DA:605,30
DA:606,2
DA:607,2
DA:608,30
DA:609,4
DA:610,4
DA:611,30
DA:612,30
DA:613,30
DA:614,30
DA:615,30
DA:616,30
DA:617,3
DA:618,3
DA:619,30
DA:620,2
DA:621,2
DA:622,30
DA:623,30
DA:627,11
DA:628,11
DA:629,11
DA:630,11
DA:631,11
DA:632,11
DA:633,11
DA:634,11
DA:635,11
DA:636,11
DA:637,11
DA:640,16
DA:641,16
DA:642,16
DA:643,16
DA:644,16
DA:647,16
DA:648,16
DA:649,16
DA:650,16
DA:651,16
DA:654,2
DA:655,2
DA:656,2
DA:657,2
DA:658,2
DA:661,18
DA:662,18
DA:663,18
DA:664,18
DA:665,18
DA:666,18
DA:667,18
DA:668,18
DA:669,18
DA:670,18
DA:671,18
DA:672,18
DA:675,6
DA:676,6
DA:677,4
DA:678,4
DA:679,2
DA:680,2
DA:684,6
DA:685,6
DA:686,3
DA:687,2
DA:688,2
DA:689,2
DA:690,1
DA:691,1
DA:697,5
DA:698,5
DA:699,2
DA:700,1
DA:701,1
DA:702,1
DA:706,2
DA:707,2
DA:708,2
DA:714,7
DA:715,7
DA:716,7
DA:717,7
DA:718,1
DA:719,1
DA:720,6
DA:721,6
DA:722,5
DA:723,5
DA:725,6
DA:726,6
DA:727,6
DA:728,6
DA:729,4
DA:730,4
DA:731,6
DA:734,6
DA:735,6
DA:736,6
DA:737,6
DA:738,0
DA:741,3
DA:742,3
DA:743,3
DA:744,3
DA:745,3
DA:746,3
DA:747,3
DA:748,3
DA:749,3
DA:750,2
DA:751,2
DA:752,1
DA:753,1
DA:754,1
DA:755,1
DA:756,1
DA:757,1
DA:758,0
DA:759,0
DA:760,1
DA:763,1
DA:764,1
DA:765,1
DA:766,1
DA:767,0
DA:771,32
DA:772,32
DA:773,32
DA:774,32
DA:775,112
DA:776,112
DA:777,32
DA:778,32
DA:779,80
DA:780,80
DA:785,3
DA:786,3
DA:787,0
DA:788,0
DA:791,5
DA:792,5
DA:793,2
DA:794,2
DA:797,23
DA:798,23
DA:799,2
DA:800,2
DA:803,4
DA:804,4
DA:805,4
DA:806,4
DA:809,2
DA:810,2
DA:813,3
DA:814,3
DA:817,21
DA:818,21
DA:821,3
DA:822,3
DA:825,2
DA:826,2
DA:827,2
DA:828,2
DA:829,2
DA:830,2
DA:831,2
DA:832,2
DA:833,2
DA:835,2
DA:836,1
DA:837,1
DA:838,1
DA:839,1
DA:840,1
DA:841,1
DA:842,1
DA:848,1
DA:849,1
DA:850,1
LF:549
LH:502
end_of_record
SF:pkg/core/server_reload.go
DA:14,9
DA:15,9
DA:16,9
DA:17,4
DA:18,4
DA:20,5
DA:21,5
DA:22,5
DA:23,5
DA:24,5
DA:25,5
DA:26,5
DA:27,5
DA:28,5
DA:29,5
DA:30,5
DA:31,5
DA:32,5
DA:33,5
DA:34,5
DA:35,1
DA:36,1
DA:37,1
DA:40,5
DA:41,5
DA:45,16
DA:46,16
DA:47,16
DA:48,16
DA:49,16
DA:53,20
DA:54,20
DA:55,5
DA:56,1
DA:57,1
DA:58,1
DA:59,4
DA:60,2
DA:61,2
DA:62,2
DA:63,2
DA:64,2
LF:42
LH:42
end_of_record
SF:pkg/core/server_signals.go
DA:16,18
DA:17,18
DA:18,18
DA:19,18
DA:20,18
DA:21,21
DA:22,21
DA:23,3
DA:24,3
DA:25,1
DA:26,1
DA:27,0
DA:28,0
DA:29,1
DA:30,1
DA:31,1
DA:32,1
DA:34,18
DA:35,18
DA:41,2
DA:42,2
DA:43,2
DA:44,2
DA:45,2
DA:46,2
DA:47,2
LF:26
LH:24
end_of_record
SF:examples/myapp/args.go
DA:11,0
DA:12,0
DA:13,0
DA:14,0
DA:15,0
DA:16,0
LF:6
LH:0
end_of_record
SF:examples/myapp/config.go
DA:28,0
DA:29,0
DA:30,0
DA:31,0
DA:32,0
DA:33,0
DA:34,0
DA:35,0
DA:36,0
DA:37,0
DA:38,0
DA:41,0
DA:42,0
DA:43,0
DA:44,0
DA:45,0
DA:46,0
DA:47,0
DA:48,0
DA:49,0
DA:50,0
DA:51,0
LF:22
LH:0
end_of_record
SF:examples/myapp/handler.go
DA:12,1
DA:13,1
DA:14,1
DA:15,1
LF:4
LH:4
end_of_record
SF:examples/myapp/main.go
DA:15,0
DA:16,0
DA:17,0
DA:18,0
DA:19,0
DA:20,0
DA:21,0
DA:22,0
DA:23,0
DA:24,0
DA:25,0
DA:26,0
LF:12
LH:0
end_of_record
SF:pkg/core/logging/logger.go
DA:61,0
DA:62,0
DA:63,0
DA:64,0
DA:65,0
DA:66,0
DA:67,0
DA:68,0
DA:69,0
DA:70,0
DA:71,0
DA:72,0
DA:93,0
DA:94,0
DA:95,0
DA:96,0
DA:97,0
DA:98,0
DA:99,0
DA:105,0
DA:106,0
DA:107,0
DA:108,0
DA:109,0
DA:110,0
DA:111,0
DA:112,0
DA:113,0
DA:114,0
DA:115,0
DA:116,0
DA:117,0
DA:120,0
DA:121,0
DA:122,0
DA:123,0
DA:126,0
DA:127,0
DA:128,0
DA:129,0
DA:132,0
DA:133,0
DA:134,0
DA:135,0
DA:138,0
DA:139,0
DA:140,0
DA:141,0
DA:142,0
DA:146,0
DA:147,0
DA:148,0
DA:149,0
DA:150,0
DA:151,0
DA:152,0
DA:153,0
DA:154,0
DA:155,0
DA:156,0
DA:157,0
DA:158,0
DA:159,0
DA:160,0
DA:161,0
DA:162,0
LF:66
LH:0
end_of_record
SF:pkg/core/logging/sink.go
DA:31,0
DA:32,0
DA:33,0
DA:34,0
DA:35,0
DA:36,0
DA:37,0
DA:38,0
DA:42,0
DA:43,0
DA:44,0
DA:45,0
DA:46,0
DA:47,0
DA:48,0
DA:50,0
DA:54,0
DA:59,0
DA:60,0
DA:61,0
DA:62,0
DA:63,0
DA:64,0
DA:65,0
DA:66,0
DA:67,0
DA:68,0
DA:69,0
DA:72,0
DA:73,0
DA:74,0
DA:75,0
DA:76,0
DA:77,0
DA:78,0
DA:79,0
DA:80,0
DA:81,0
DA:82,0
DA:83,0
DA:84,0
DA:85,0
DA:86,0
DA:87,0
DA:88,0
DA:89,0
DA:96,0
DA:97,0
DA:98,0
DA:99,0
DA:100,0
DA:101,0
DA:102,0
DA:103,0
DA:104,0
DA:105,0
DA:106,0
DA:107,0
LF:58
LH:0
end_of_record
SF:pkg/core/logging/sink_syslog.go
DA:13,0
DA:14,0
DA:15,0
LF:3
LH:0
end_of_record
SF:pkg/core/probes/mux.go
DA:12,0
DA:13,0
DA:14,0
DA:15,0
DA:16,0
DA:22,0
DA:23,0
DA:24,0
DA:25,0
DA:26,0
DA:27,0
DA:28,0
DA:29,0
DA:30,0
DA:31,0
DA:36,0
DA:37,0
DA:38,0
DA:39,0
DA:40,0
DA:41,0
DA:46,0
DA:47,0
DA:48,0
DA:49,0
DA:50,0
DA:51,0
DA:52,0
LF:28
LH:0
end_of_record
SF:pkg/core/probes/readiness.go
DA:23,0
DA:24,0
DA:25,0
DA:26,0
DA:27,0
DA:30,0
DA:33,0
DA:37,0
DA:38,0
DA:39,0
DA:40,0
DA:41,0
DA:46,0
DA:47,0
DA:48,0
DA:49,0
DA:50,0
DA:51,0
DA:52,0
DA:53,0
DA:54,0
DA:55,0
DA:56,0
DA:57,0
DA:58,0
DA:60,0
LF:26
LH:0
end_of_record
SF:pkg/core/probes/startup.go
DA:14,0
DA:17,0
DA:20,0
DA:23,0
DA:24,0
DA:25,0
DA:26,0
DA:27,0
DA:28,0
DA:29,0
DA:30,0
DA:31,0
LF:12
LH:0
end_of_record
SF:pkg/core/tls/cert.go
DA:14,0
DA:15,0
DA:16,0
DA:17,0
DA:18,0
DA:19,0
DA:20,0
DA:21,0
DA:22,0
DA:23,0
DA:24,0
DA:25,0
DA:26,0
DA:27,0
DA:33,0
DA:34,0
DA:35,0
DA:36,0
DA:37,0
DA:38,0
LF:20
LH:0
end_of_record
SF:pkg/core/tls/certloader.go
DA:17,0
DA:18,0
DA:19,0
DA:20,0
DA:24,0
DA:25,0
DA:26,0
DA:27,0
DA:28,0
DA:29,0
DA:30,0
DA:34,0
DA:35,0
DA:36,0
DA:37,0
DA:38,0
DA:39,0
LF:17
LH:0
end_of_record
SF:pkg/core/tls/policy_fips.go
DA:11,0
DA:12,0
DA:13,0
DA:14,0
DA:15,0
DA:16,0
DA:17,0
DA:18,0
LF:8
LH:0
end_of_record
SF:pkg/core/statsd/client.go
DA:22,0
DA:23,0
DA:24,0
DA:25,0
DA:26,0
DA:27,0
DA:31,0
DA:32,0
DA:33,0
DA:36,0
DA:37,0
DA:38,0
DA:41,0
DA:42,0
DA:43,0
DA:45,0
DA:46,0
DA:47,0
DA:50,0
DA:51,0
DA:52,0
DA:53,0
DA:54,0
DA:55,0
DA:56,0
DA:57,0
DA:58,0
DA:59,0
DA:70,0
DA:72,0
DA:73,0
DA:74,0
DA:75,0
DA:79,0
DA:80,0
DA:81,0
DA:82,0
DA:83,0
DA:84,0
DA:85,0
DA:86,0
DA:87,0
DA:88,0
DA:89,0
DA:90,0
LF:45
LH:0
end_of_record
SF:pkg/core/metrics/metrics.go
DA:19,0
DA:20,0
DA:21,0
DA:23,0
DA:24,0
DA:25,0
DA:26,0
DA:27,0
DA:29,0
DA:30,0
DA:31,0
DA:32,0
DA:33,0
DA:34,0
DA:35,0
DA:41,0
DA:42,0
DA:43,0
DA:44,0
DA:45,0
DA:60,0
DA:61,0
DA:62,0
DA:63,0
DA:64,0
DA:67,0
DA:68,0
DA:69,0
DA:72,0
DA:73,0
DA:74,0
DA:75,0
DA:76,0
DA:80,0
DA:81,0
DA:82,0
DA:83,0
DA:84,0
DA:85,0
DA:86,0
DA:87,0
DA:88,0
DA:92,0
DA:95,0
DA:98,0
DA:99,0
DA:100,0
DA:103,0
DA:104,0
DA:105,0
DA:109,0
DA:110,0
DA:111,0
DA:113,0
DA:114,0
DA:115,0
DA:116,0
DA:117,0
DA:118,0
DA:119,0
DA:120,0
DA:121,0
DA:122,0
DA:123,0
DA:124,0
DA:125,0
DA:126,0
DA:127,0
DA:128,0
DA:129,0
DA:130,0
DA:131,0
DA:132,0
DA:133,0
DA:134,0
DA:135,0
DA:136,0
DA:137,0
DA:148,0
DA:150,0
DA:151,0
DA:152,0
DA:153,0
LF:83
LH:0
end_of_record
SF:pkg/core/http3/server.go
DA:26,0
DA:27,0
DA:28,0
DA:29,0
DA:30,0
DA:31,0
DA:32,0
DA:33,0
DA:34,0
DA:38,0
DA:39,0
DA:40,0
DA:42,0
DA:43,0
DA:44,0
DA:46,0
DA:47,0
DA:48,0
DA:49,0
DA:50,0
LF:20
LH:0
end_of_record
