SF:pkg/core/httpx/h2_policy.go
DA:9,1
LF:1
LH:1
end_of_record
SF:pkg/core/version/version.go
DA:36,16
DA:37,16
DA:38,1
DA:39,1
DA:40,15
DA:41,1
DA:42,1
DA:43,16
DA:44,16
DA:45,3
DA:46,3
DA:48,11
DA:54,5
DA:55,5
DA:56,5
DA:63,10
DA:64,10
DA:65,10
DA:66,10
DA:67,64
DA:68,64
DA:69,2
DA:70,2
DA:71,1
DA:72,1
DA:73,2
DA:74,2
DA:75,1
DA:76,1
DA:80,10
DA:81,10
DA:82,10
DA:83,10
DA:84,10
DA:85,10
DA:86,10
DA:87,10
DA:88,10
DA:89,10
DA:93,2
DA:94,2
DA:95,2
DA:96,2
DA:97,2
DA:98,2
LF:45
LH:45
end_of_record
SF:pkg/core/fips/check.go
DA:22,6
DA:23,6
DA:24,1
DA:25,1
DA:26,6
DA:27,6
DA:28,2
DA:29,2
DA:31,3
DA:32,3
DA:33,3
LF:11
LH:11
end_of_record
SF:pkg/core/metrics/metrics.go
DA:19,6
DA:20,6
DA:21,6
DA:23,4
DA:24,4
DA:25,4
DA:26,4
DA:27,4
DA:29,6
DA:30,6
DA:31,6
DA:32,6
DA:33,6
DA:34,3
DA:35,3
DA:41,4
DA:42,2
DA:43,9
DA:44,9
DA:45,9
DA:60,1
DA:61,1
DA:62,1
DA:63,1
DA:64,1
DA:67,5
DA:68,5
DA:69,5
DA:72,1
DA:73,1
DA:74,1
DA:75,1
DA:76,1
DA:80,1
DA:81,1
DA:82,1
DA:83,1
DA:84,1
DA:85,1
DA:86,1
DA:87,1
DA:88,1
DA:92,1
DA:95,1
DA:98,1
DA:99,1
DA:100,1
DA:103,1
DA:104,1
DA:105,1
DA:109,2
DA:110,2
DA:111,2
DA:113,5
DA:114,5
DA:115,5
DA:116,5
DA:117,5
DA:118,5
DA:119,5
DA:120,5
DA:121,5
DA:122,5
DA:123,5
DA:124,5
DA:125,5
DA:126,5
DA:127,5
DA:128,1
DA:129,1
DA:130,1
DA:131,1
DA:132,5
DA:133,5
DA:134,5
DA:135,5
DA:136,1
DA:137,1
DA:148,1
DA:150,1
DA:151,1
DA:152,1
DA:153,1
LF:83
LH:83
end_of_record
SF:pkg/core/statsd/client.go
DA:22,5
DA:23,5
DA:24,5
DA:25,1
DA:26,1
DA:27,4
DA:31,2
DA:32,2
DA:33,2
DA:36,2
DA:37,2
DA:38,2
DA:41,1
DA:42,1
DA:43,1
DA:45,5
DA:46,5
DA:47,5
DA:50,7
DA:51,7
DA:52,3
DA:53,3
DA:54,4
DA:55,7
DA:56,7
DA:57,7
DA:58,4
DA:59,4
DA:70,1
DA:72,1
DA:73,1
DA:74,1
DA:75,1
DA:79,1
DA:80,1
DA:81,1
DA:82,1
DA:83,1
DA:84,1
DA:85,1
DA:86,1
DA:87,1
DA:88,1
DA:89,1
DA:90,1
LF:45
LH:45
end_of_record
SF:pkg/core/probes/mux.go
DA:12,1
DA:13,1
DA:14,1
DA:15,1
DA:16,1
DA:22,2
DA:23,2
DA:24,2
DA:25,2
DA:26,1
DA:27,1
DA:28,1
DA:29,1
DA:30,1
DA:31,1
DA:36,1
DA:37,1
DA:38,1
DA:39,1
DA:40,1
DA:41,1
DA:46,1
DA:47,1
DA:48,1
DA:49,1
DA:50,1
DA:51,1
DA:52,1
LF:28
LH:28
end_of_record
SF:pkg/core/probes/readiness.go
DA:23,6
DA:24,6
DA:25,6
DA:26,6
DA:27,6
DA:30,4
DA:33,3
DA:37,3
DA:38,3
DA:39,3
DA:40,3
DA:41,3
DA:46,5
DA:47,5
DA:48,2
DA:49,2
DA:50,3
DA:51,3
DA:52,3
DA:53,3
DA:54,3
DA:55,3
DA:56,3
DA:57,1
DA:58,1
DA:60,3
LF:26
LH:26
end_of_record
SF:pkg/core/probes/startup.go
DA:14,2
DA:17,2
DA:20,4
DA:23,1
DA:24,2
DA:25,2
DA:26,1
DA:27,1
DA:28,1
DA:29,1
DA:30,1
DA:31,1
LF:12
LH:12
end_of_record
SF:pkg/core/logging/logger.go
DA:61,20
DA:62,20
DA:63,6
DA:64,6
DA:65,5
DA:66,5
DA:67,4
DA:68,4
DA:69,3
DA:70,3
DA:71,2
DA:72,2
DA:93,10
DA:94,10
DA:95,10
DA:96,1
DA:97,1
DA:98,10
DA:99,10
DA:105,3
DA:106,3
DA:107,3
DA:108,1
DA:109,1
DA:110,2
DA:111,2
DA:112,2
DA:113,2
DA:114,1
DA:115,1
DA:116,2
DA:117,2
DA:120,1
DA:121,3
DA:122,1
DA:123,1
DA:126,1
DA:127,1
DA:128,1
DA:129,1
DA:132,1
DA:133,1
DA:134,1
DA:135,1
DA:138,6
DA:139,6
DA:140,2
DA:141,2
DA:142,4
DA:146,6
DA:147,6
DA:148,6
DA:149,6
DA:150,6
DA:151,3
DA:152,3
DA:153,6
DA:154,6
DA:155,6
DA:156,6
DA:157,6
DA:158,1
DA:159,1
DA:160,1
DA:161,1
DA:162,5
LF:66
LH:66
end_of_record
SF:pkg/core/logging/sink.go
DA:31,8
DA:32,8
DA:33,8
DA:34,8
DA:35,8
DA:36,8
DA:37,8
DA:38,8
DA:42,167
DA:43,167
DA:44,167
DA:45,167
DA:46,166
DA:47,1
DA:48,1
DA:50,167
DA:54,2
DA:59,3
DA:60,3
DA:61,3
DA:62,3
DA:63,3
DA:64,5
DA:65,5
DA:66,2
DA:67,2
DA:68,3
DA:69,3
DA:72,107
DA:73,107
DA:74,103
DA:75,103
DA:76,103
DA:77,1
DA:78,1
DA:79,1
DA:80,1
DA:81,3
DA:82,3
DA:83,65
DA:84,65
DA:85,62
DA:86,62
DA:87,3
DA:88,3
DA:89,3
DA:96,6
DA:97,6
DA:98,6
DA:99,6
DA:100,1
DA:101,1
DA:102,5
DA:103,5
DA:104,5
DA:105,1
DA:106,1
DA:107,4
LF:58
LH:58
end_of_record
SF:pkg/core/logging/sink_syslog.go
DA:17,2
DA:18,2
DA:19,2
LF:3
LH:3
end_of_record
SF:pkg/core/lifecycle/shutdown.go
DA:18,6
DA:19,6
DA:20,6
DA:21,6
DA:22,6
DA:24,2
DA:25,2
DA:26,1
DA:27,1
DA:28,1
DA:29,1
DA:30,1
DA:35,4
DA:36,4
DA:37,1
DA:38,1
DA:39,4
DA:40,4
DA:41,4
LF:19
LH:19
end_of_record
SF:pkg/core/http3/server.go
DA:26,1
DA:27,1
DA:28,1
DA:29,1
DA:30,1
DA:31,1
DA:32,1
DA:33,1
DA:34,1
DA:38,4
DA:39,4
DA:40,4
DA:42,2
DA:43,2
DA:44,2
DA:46,2
DA:47,2
DA:48,1
DA:49,1
DA:50,1
LF:20
LH:20
end_of_record
SF:pkg/clisupport/actions.go
DA:29,5
DA:30,5
DA:31,3
DA:32,3
DA:33,2
DA:34,2
DA:35,2
DA:36,2
DA:37,2
DA:38,2
DA:39,2
DA:40,2
DA:41,2
DA:42,1
DA:43,1
DA:44,2
DA:47,4
DA:48,4
DA:49,3
DA:50,3
DA:51,1
DA:54,5
DA:55,5
DA:56,3
DA:57,3
DA:58,2
DA:59,2
DA:60,2
DA:61,2
DA:62,2
DA:63,2
DA:65,2
DA:66,2
DA:67,2
DA:68,2
DA:69,2
DA:72,2
DA:73,2
DA:74,2
DA:75,2
DA:76,2
DA:77,2
DA:78,2
DA:79,2
DA:80,2
DA:81,2
DA:82,2
DA:83,2
DA:84,2
DA:85,2
DA:86,2
DA:87,2
DA:88,2
DA:91,5
DA:92,5
DA:93,5
DA:94,1
DA:95,1
DA:96,4
DA:97,1
DA:98,1
DA:99,3
DA:104,1
DA:105,1
DA:106,1
DA:107,1
DA:108,1
DA:109,1
DA:113,2
DA:114,2
DA:115,1
DA:116,1
DA:121,1
DA:122,1
DA:123,1
DA:124,1
DA:125,1
DA:126,1
DA:127,1
LF:79
LH:79
end_of_record
SF:pkg/config/config.go
DA:29,4
DA:30,4
DA:31,4
DA:32,1
DA:33,1
DA:34,3
DA:35,3
DA:36,2
DA:37,2
DA:38,1
DA:39,1
DA:42,172
DA:223,8
DA:225,17
DA:226,17
DA:227,17
DA:228,17
DA:229,17
DA:230,17
DA:231,17
DA:232,17
DA:233,17
DA:234,17
DA:235,17
DA:236,17
DA:237,17
DA:238,17
DA:239,17
DA:240,17
DA:241,17
DA:242,17
DA:243,17
DA:244,17
DA:245,17
DA:246,17
DA:247,17
DA:248,17
DA:249,17
DA:250,17
DA:251,17
DA:252,17
DA:253,17
DA:254,17
DA:255,17
DA:256,17
DA:257,17
DA:258,17
DA:259,17
DA:260,17
DA:261,17
DA:262,17
DA:263,17
DA:264,17
DA:265,17
DA:266,17
DA:267,17
DA:268,17
DA:269,17
DA:270,17
DA:271,17
DA:272,17
DA:273,17
DA:274,17
DA:275,17
DA:276,17
DA:277,17
DA:278,17
DA:279,17
DA:280,17
DA:281,17
DA:282,17
DA:283,17
DA:284,17
DA:285,17
DA:286,17
DA:287,17
DA:288,17
DA:289,17
DA:290,17
DA:299,2
DA:300,2
DA:301,2
DA:302,1
DA:303,1
DA:304,2
DA:310,8
DA:311,8
DA:312,8
DA:313,4
DA:314,4
DA:315,4
DA:316,1
DA:317,1
DA:318,3
DA:323,2
DA:324,2
DA:325,2
DA:326,2
DA:327,1
DA:328,1
DA:329,1
DA:333,8
DA:334,8
DA:335,8
DA:336,8
DA:337,6
DA:338,3
DA:339,3
DA:342,5
DA:343,1
DA:344,1
DA:345,1
DA:348,4
DA:349,4
DA:350,4
DA:355,12
DA:356,12
DA:357,12
DA:358,12
DA:359,12
DA:360,12
DA:361,3
DA:362,3
DA:363,9
DA:364,1
DA:365,1
DA:366,8
DA:367,1
DA:368,1
DA:369,7
DA:370,1
DA:371,1
DA:372,6
DA:373,1
DA:374,1
DA:375,1
DA:376,5
DA:377,1
DA:378,1
DA:379,4
DA:386,8
DA:387,8
DA:388,8
DA:389,3
DA:390,3
DA:391,5
DA:392,1
DA:393,1
DA:394,4
DA:395,4
DA:396,4
DA:397,2
DA:398,1
DA:399,1
DA:400,1
DA:402,2
DA:420,4
DA:421,4
DA:422,4
DA:425,20
DA:426,20
DA:427,7
DA:428,7
DA:429,1
DA:430,1
DA:431,1
DA:432,6
DA:433,6
DA:434,1
DA:435,1
DA:436,1
DA:437,5
DA:438,5
DA:439,1
DA:440,1
DA:441,1
DA:442,4
DA:444,20
DA:449,14
DA:450,14
DA:451,3
DA:452,3
DA:453,11
DA:454,11
DA:455,1
DA:456,1
DA:457,10
DA:458,10
DA:459,1
DA:460,1
DA:461,9
DA:462,1
DA:463,1
DA:464,8
DA:469,6
DA:470,6
DA:471,6
DA:472,6
DA:473,6
DA:474,6
DA:475,6
DA:476,6
DA:477,6
DA:478,6
DA:479,6
DA:480,6
DA:481,6
DA:482,6
DA:483,6
DA:484,6
DA:485,6
DA:486,6
DA:487,6
DA:488,6
DA:489,6
DA:490,6
DA:491,6
DA:492,6
DA:493,6
DA:494,6
DA:495,6
DA:496,6
DA:497,6
DA:498,6
DA:499,6
DA:500,6
DA:501,6
DA:502,6
DA:503,6
DA:504,6
DA:505,6
DA:506,6
DA:507,6
DA:508,6
DA:509,6
DA:510,6
DA:511,6
DA:512,6
DA:513,6
DA:514,6
DA:515,6
DA:516,6
DA:517,6
DA:518,6
DA:519,6
DA:520,6
DA:521,6
DA:522,6
DA:523,6
DA:524,6
DA:525,6
DA:526,6
DA:527,6
DA:528,6
DA:529,6
DA:530,6
DA:531,6
DA:532,6
DA:533,6
DA:534,6
DA:535,6
DA:536,6
DA:537,6
DA:538,6
DA:539,6
DA:545,92
DA:546,92
DA:547,92
DA:548,90
DA:549,90
DA:550,2
DA:551,2
DA:552,1
DA:553,1
DA:556,61
DA:557,61
DA:558,61
DA:559,60
DA:560,60
DA:561,1
DA:562,1
DA:563,1
DA:564,1
DA:567,19
DA:568,19
DA:569,19
DA:570,18
DA:571,18
DA:572,1
DA:573,1
DA:574,1
DA:575,1
DA:578,13
DA:579,13
DA:580,13
DA:581,12
DA:582,12
DA:583,1
DA:584,1
DA:585,1
DA:586,1
DA:589,68
DA:590,68
DA:591,1
DA:592,1
DA:595,44
DA:596,44
DA:597,44
DA:598,42
DA:599,42
DA:600,2
DA:601,2
DA:602,1
DA:603,1
DA:606,14
DA:607,14
DA:608,14
DA:609,13
DA:610,13
DA:611,1
DA:612,1
DA:613,3
DA:614,3
DA:615,3
DA:616,3
DA:618,1
DA:619,1
DA:620,1
DA:627,1
LF:329
LH:329
end_of_record
SF:examples/myapp/args.go
DA:11,1
DA:12,1
DA:13,1
DA:14,1
DA:15,1
DA:16,1
LF:6
LH:6
end_of_record
SF:examples/myapp/config.go
DA:28,5
DA:29,5
DA:30,5
DA:31,5
DA:32,5
DA:33,5
DA:34,5
DA:35,1
DA:36,1
DA:37,5
DA:38,5
DA:41,10
DA:42,10
DA:43,5
DA:44,5
DA:45,5
DA:46,5
DA:47,1
DA:48,1
DA:49,5
DA:50,1
DA:51,1
LF:22
LH:22
end_of_record
SF:examples/myapp/handler.go
DA:12,1
DA:13,1
DA:14,1
DA:15,1
LF:4
LH:4
end_of_record
SF:examples/myapp/main.go
DA:15,0
DA:16,0
DA:17,0
DA:18,0
DA:19,0
DA:20,0
DA:21,0
DA:22,0
DA:23,0
DA:24,0
DA:25,0
DA:26,0
LF:12
LH:0
end_of_record
SF:pkg/core/acme/manager.go
DA:60,7
DA:61,7
DA:62,7
DA:66,54
DA:70,3
DA:74,3
DA:75,3
DA:76,3
DA:77,1
DA:78,1
DA:79,2
DA:80,2
DA:81,1
DA:82,1
DA:83,1
DA:87,12
DA:88,12
DA:89,12
DA:92,5
DA:93,5
DA:94,5
DA:98,2
DA:99,2
DA:100,1
DA:101,1
DA:102,1
DA:108,8
DA:109,8
DA:110,8
DA:111,8
DA:112,5
DA:113,5
DA:114,1
DA:115,1
DA:116,1
DA:117,4
DA:118,2
DA:119,2
DA:120,2
DA:121,2
DA:122,2
DA:123,2
DA:124,2
DA:127,3
DA:128,3
DA:129,3
DA:130,2
DA:131,2
DA:132,3
DA:133,2
DA:134,2
DA:135,1
DA:136,1
DA:137,3
DA:143,9
DA:144,9
DA:145,8
DA:146,8
DA:147,1
DA:152,7
DA:153,7
DA:154,7
DA:155,5
DA:156,5
DA:157,2
DA:158,2
DA:159,1
DA:160,1
DA:161,1
DA:162,1
DA:166,8
DA:167,8
DA:168,8
DA:169,1
DA:170,1
DA:171,7
DA:176,13
DA:177,13
DA:178,5
DA:179,5
DA:180,8
DA:181,8
DA:182,1
DA:183,1
DA:184,7
DA:185,3
DA:186,1
DA:187,1
DA:188,3
DA:190,4
DA:191,4
DA:196,6
DA:197,6
DA:198,5
DA:199,5
DA:200,1
DA:201,1
DA:206,3
DA:207,3
DA:208,3
DA:209,1
DA:210,1
DA:211,1
DA:213,3
DA:214,3
DA:215,3
DA:221,10
DA:222,10
DA:223,10
DA:224,1
DA:225,1
DA:226,9
DA:227,2
DA:228,2
DA:229,7
DA:230,5
DA:231,4
DA:232,4
DA:233,1
DA:235,2
DA:236,1
DA:237,1
DA:238,1
DA:242,1
DA:248,8
DA:249,8
DA:250,8
DA:251,2
DA:252,2
DA:253,8
DA:254,8
DA:255,8
DA:256,2
DA:257,2
DA:258,6
DA:259,6
DA:260,1
DA:261,1
DA:262,5
DA:266,9
DA:267,9
DA:268,9
DA:269,9
DA:270,9
DA:271,9
DA:285,6
DA:286,6
DA:287,6
DA:288,1
DA:289,1
DA:290,5
DA:291,5
DA:292,1
DA:293,1
DA:294,4
DA:298,5
DA:299,5
DA:300,4
DA:301,2
DA:302,2
DA:304,3
DA:310,5
DA:311,5
DA:312,5
DA:313,2
DA:314,2
DA:315,3
DA:316,3
DA:317,1
DA:318,1
DA:319,2
DA:322,7
DA:323,7
DA:324,7
DA:325,4
DA:326,4
DA:327,3
DA:328,1
DA:329,1
DA:330,2
DA:331,2
DA:332,1
DA:333,1
DA:334,1
DA:340,7
DA:341,7
DA:342,4
DA:343,4
DA:344,3
DA:345,3
DA:346,1
DA:347,1
DA:348,2
DA:353,5
DA:354,5
DA:355,5
DA:356,1
DA:357,1
DA:358,4
DA:359,4
DA:360,4
DA:361,1
DA:362,1
DA:363,3
DA:364,1
DA:365,1
DA:366,2
DA:369,7
DA:370,7
DA:371,7
DA:372,3
DA:373,3
DA:374,4
DA:375,4
DA:376,3
DA:377,3
DA:378,1
DA:381,3
DA:382,4
DA:383,4
DA:384,2
DA:385,2
DA:387,1
DA:390,6
DA:391,6
DA:392,6
DA:393,6
DA:394,6
DA:395,6
DA:396,6
DA:398,8
DA:399,8
DA:400,8
DA:401,1
DA:402,1
DA:403,7
DA:404,1
DA:405,1
DA:406,6
DA:407,6
DA:408,6
DA:409,3
DA:410,3
DA:411,3
DA:412,1
DA:413,1
DA:414,2
DA:415,1
DA:416,1
DA:417,1
DA:420,11
DA:421,11
DA:422,11
DA:423,9
DA:424,9
DA:425,11
DA:426,11
DA:427,1
DA:428,1
DA:429,10
DA:430,10
DA:431,10
DA:432,2
DA:433,2
DA:434,8
DA:437,4
DA:438,4
DA:439,4
DA:440,2
DA:441,2
DA:442,2
DA:443,2
DA:444,2
DA:445,2
DA:446,2
DA:449,8
DA:450,8
DA:451,8
DA:452,1
DA:453,1
DA:454,7
DA:455,7
DA:456,1
DA:457,1
DA:458,6
DA:459,6
DA:464,11
DA:465,11
DA:466,6
DA:467,1
DA:468,1
DA:471,10
DA:472,10
DA:473,1
DA:474,1
DA:476,9
DA:477,5
DA:478,5
DA:479,5
DA:481,9
DA:484,9
DA:485,9
DA:486,9
DA:487,6
DA:488,6
DA:489,3
DA:490,3
DA:491,1
DA:492,1
DA:493,2
DA:501,10
DA:502,10
DA:503,10
DA:504,10
DA:505,6
DA:506,6
DA:507,4
DA:508,4
DA:509,1
DA:510,1
DA:511,3
DA:512,3
DA:513,1
DA:514,1
DA:515,2
DA:525,19
DA:526,19
DA:527,19
DA:528,1
DA:529,1
DA:530,18
DA:531,2
DA:532,2
DA:533,16
DA:534,19
DA:535,19
DA:536,19
DA:537,19
DA:538,19
DA:539,4
DA:540,4
DA:542,12
DA:547,10
DA:548,10
DA:549,10
DA:550,10
DA:551,10
DA:552,2
DA:553,2
DA:554,8
DA:559,7
DA:560,7
DA:561,2
DA:562,2
DA:563,5
DA:564,5
DA:565,1
DA:566,1
DA:567,4
DA:572,6
DA:573,6
DA:574,6
DA:575,2
DA:576,2
DA:577,4
DA:578,4
DA:579,1
DA:580,1
DA:581,4
DA:582,1
DA:583,1
DA:584,3
DA:585,3
DA:586,3
DA:587,3
DA:588,3
LF:376
LH:376
end_of_record
SF:pkg/core/options.go
DA:11,1
DA:12,1
DA:15,1
DA:16,1
DA:19,1
DA:20,1
DA:23,1
DA:24,1
DA:29,8
DA:30,8
DA:31,8
DA:32,8
DA:33,8
DA:38,1
DA:39,1
DA:40,1
DA:41,1
LF:17
LH:17
end_of_record
SF:pkg/core/passthrough.go
DA:14,3
DA:15,3
DA:16,3
LF:3
LH:3
end_of_record
SF:pkg/core/server.go
DA:71,1
DA:72,1
DA:73,1
DA:78,1
DA:79,1
DA:80,1
DA:83,1
DA:84,1
DA:85,1
DA:134,1
DA:135,2
DA:136,2
DA:137,1
DA:138,1
DA:139,1
DA:147,1
DA:148,1
DA:149,1
DA:150,1
DA:151,1
DA:154,103
DA:155,103
DA:156,103
DA:157,103
DA:158,103
DA:159,103
DA:160,103
DA:161,103
DA:162,103
DA:163,103
DA:164,13
DA:165,13
DA:166,103
DA:171,1
DA:172,1
DA:173,1
DA:174,1
DA:180,26
DA:181,26
DA:182,26
DA:183,26
DA:184,26
DA:185,26
DA:186,1
DA:187,1
DA:188,1
DA:189,26
DA:190,26
DA:191,26
DA:192,23
DA:193,23
DA:194,23
DA:196,3
DA:197,3
DA:198,1
DA:199,1
DA:200,1
DA:201,1
DA:203,2
DA:204,2
DA:205,2
DA:206,2
DA:207,2
DA:208,2
DA:209,2
DA:210,2
DA:211,2
DA:213,2
DA:214,2
DA:215,2
DA:216,2
DA:217,2
DA:223,8
DA:224,8
DA:225,6
DA:226,6
DA:227,6
DA:228,2
DA:229,2
DA:230,1
DA:231,1
DA:232,1
DA:233,1
DA:238,23
DA:239,23
DA:240,23
DA:241,23
DA:246,31
DA:247,31
DA:248,31
DA:249,31
DA:250,31
DA:251,31
DA:252,31
DA:253,31
DA:254,25
DA:255,25
DA:257,6
DA:258,6
DA:259,1
DA:260,1
DA:261,1
DA:262,5
DA:268,6
DA:269,6
DA:270,2
DA:271,2
DA:272,1
DA:273,1
DA:274,1
DA:276,4
DA:277,4
DA:280,17
DA:281,17
DA:282,1
DA:283,1
DA:284,16
DA:285,1
DA:286,1
DA:288,16
DA:289,16
DA:290,16
DA:291,16
DA:292,16
DA:293,16
DA:295,16
DA:296,1
DA:297,1
DA:298,1
DA:301,15
DA:302,15
DA:303,15
DA:304,15
DA:305,15
DA:306,15
DA:307,15
DA:308,15
DA:309,15
DA:310,15
DA:311,15
DA:312,15
DA:313,15
DA:314,15
DA:315,15
DA:316,15
DA:317,15
DA:318,15
DA:319,15
DA:320,15
DA:321,15
DA:326,15
DA:327,15
DA:328,13
DA:329,13
DA:330,2
DA:331,2
DA:332,1
DA:333,1
DA:334,1
DA:335,1
DA:341,16
DA:342,16
DA:343,16
DA:344,1
DA:345,1
DA:346,16
DA:347,16
DA:348,16
DA:352,6
DA:353,6
DA:354,6
DA:355,6
DA:356,6
DA:360,1
DA:361,1
DA:362,1
DA:366,15
DA:367,15
DA:368,15
DA:369,15
DA:370,15
DA:371,1
DA:372,1
DA:373,1
DA:374,1
DA:375,1
DA:376,1
DA:378,15
DA:379,1
DA:380,1
DA:381,1
DA:382,1
DA:383,1
DA:384,1
DA:386,15
DA:387,1
DA:388,1
DA:389,1
DA:390,1
DA:391,1
DA:392,1
DA:394,15
DA:395,1
DA:396,1
DA:397,1
DA:398,1
DA:399,1
DA:400,1
DA:401,1
DA:408,17
DA:409,17
DA:410,16
DA:411,16
DA:412,1
DA:413,1
DA:414,1
DA:415,1
DA:416,1
DA:417,1
DA:418,1
DA:419,1
DA:424,23
DA:425,23
DA:426,19
DA:427,19
DA:428,4
DA:429,1
DA:430,1
DA:431,1
DA:432,1
DA:433,1
DA:434,1
DA:436,3
DA:437,1
DA:438,1
DA:439,2
DA:440,2
DA:441,1
DA:442,1
DA:443,1
DA:444,1
DA:445,1
DA:446,1
DA:447,1
DA:448,1
DA:452,18
DA:453,18
DA:454,1
DA:455,1
DA:456,1
DA:457,1
DA:458,1
DA:460,18
DA:461,18
DA:462,2
DA:463,1
DA:464,1
DA:465,1
DA:466,1
DA:467,1
DA:468,1
DA:469,1
DA:475,19
DA:476,19
DA:477,2
DA:478,2
DA:479,2
DA:480,2
DA:481,2
DA:483,19
DA:484,2
DA:485,1
DA:486,1
DA:487,1
DA:488,1
DA:489,1
DA:490,1
DA:491,1
DA:492,1
DA:493,1
DA:494,1
DA:495,1
DA:498,19
DA:499,19
DA:500,19
DA:501,19
DA:502,19
DA:503,19
DA:504,1
DA:505,1
DA:506,1
DA:507,1
DA:508,1
DA:514,15
DA:515,15
DA:516,15
DA:517,14
DA:518,14
DA:519,1
DA:520,1
DA:525,19
DA:526,19
DA:527,17
DA:528,17
DA:529,19
DA:530,2
DA:531,2
DA:532,2
DA:533,2
DA:534,2
DA:535,1
DA:536,1
DA:537,17
DA:538,17
DA:539,17
DA:540,17
DA:541,17
DA:542,1
DA:543,1
DA:549,19
DA:550,19
DA:551,16
DA:552,16
DA:553,3
DA:554,3
DA:555,1
DA:556,1
DA:557,3
DA:558,1
DA:559,1
DA:560,3
DA:561,1
DA:562,1
DA:568,20
DA:569,20
DA:570,16
DA:571,16
DA:573,4
DA:574,2
DA:575,2
DA:576,1
DA:577,1
DA:578,1
DA:582,3
DA:583,3
DA:584,3
DA:585,2
DA:586,2
DA:587,2
DA:588,1
DA:589,1
DA:594,17
DA:595,17
DA:596,2
DA:597,2
DA:598,15
DA:604,1
DA:606,30
DA:607,30
DA:608,4
DA:609,4
DA:610,30
DA:611,3
DA:612,3
DA:613,30
DA:614,5
DA:615,2
DA:616,1
DA:617,1
DA:618,1
DA:621,30
DA:622,2
DA:623,2
DA:624,30
DA:625,4
DA:626,4
DA:627,30
DA:628,30
DA:629,30
DA:630,30
DA:631,30
DA:632,30
DA:633,3
DA:634,3
DA:635,30
DA:636,2
DA:637,2
DA:638,30
DA:639,30
DA:643,16
DA:644,16
DA:645,16
DA:646,16
DA:647,16
DA:648,16
DA:649,16
DA:650,16
DA:651,16
DA:652,16
DA:653,16
DA:656,16
DA:657,16
DA:658,16
DA:659,16
DA:660,16
DA:663,16
DA:664,16
DA:665,16
DA:666,16
DA:667,16
DA:670,2
DA:671,2
DA:672,2
DA:673,2
DA:674,2
DA:677,18
DA:678,18
DA:679,18
DA:680,18
DA:681,18
DA:682,18
DA:683,18
DA:684,18
DA:685,18
DA:686,18
DA:687,18
DA:688,18
DA:691,9
DA:692,9
DA:693,4
DA:694,5
DA:695,5
DA:696,5
DA:700,6
DA:701,6
DA:702,3
DA:703,2
DA:704,2
DA:705,2
DA:706,1
DA:707,1
DA:713,5
DA:714,5
DA:715,2
DA:716,1
DA:717,1
DA:718,1
DA:722,3
DA:723,3
DA:724,3
DA:730,9
DA:731,9
DA:732,9
DA:733,9
DA:734,1
DA:735,1
DA:736,8
DA:737,8
DA:738,5
DA:739,5
DA:741,8
DA:742,8
DA:743,8
DA:744,8
DA:745,4
DA:746,4
DA:747,8
DA:750,8
DA:751,8
DA:752,7
DA:753,7
DA:754,1
DA:757,6
DA:758,6
DA:759,6
DA:760,6
DA:761,6
DA:762,6
DA:763,6
DA:764,6
DA:765,6
DA:766,2
DA:767,2
DA:768,4
DA:769,4
DA:770,4
DA:771,4
DA:772,4
DA:773,4
DA:774,1
DA:775,1
DA:776,4
DA:779,4
DA:780,4
DA:781,3
DA:782,3
DA:783,1
DA:787,32
DA:788,32
DA:789,32
DA:790,32
DA:791,112
DA:792,112
DA:793,32
DA:794,32
DA:795,80
DA:796,80
DA:801,4
DA:802,4
DA:803,1
DA:804,1
DA:807,5
DA:808,5
DA:809,2
DA:810,2
DA:813,23
DA:814,23
DA:815,2
DA:816,2
DA:819,4
DA:820,4
DA:821,4
DA:822,4
DA:825,2
DA:826,2
DA:829,3
DA:830,3
DA:833,21
DA:834,21
DA:837,3
DA:838,3
DA:841,3
DA:842,3
DA:843,3
DA:844,3
DA:845,3
DA:846,3
DA:847,3
DA:848,3
DA:849,3
DA:851,3
DA:852,2
DA:853,2
DA:854,2
DA:855,2
DA:856,2
DA:857,1
DA:858,1
DA:864,1
DA:865,1
DA:866,1
LF:551
LH:551
end_of_record
SF:pkg/core/server_reload.go
DA:14,10
DA:15,10
DA:16,10
DA:17,5
DA:18,5
DA:20,5
DA:21,5
DA:22,5
DA:23,5
DA:24,5
DA:25,5
DA:26,5
DA:27,5
DA:28,5
DA:29,5
DA:30,5
DA:31,5
DA:32,5
DA:33,5
DA:34,5
DA:35,1
DA:36,1
DA:37,1
DA:40,5
DA:41,5
DA:45,16
DA:46,16
DA:47,16
DA:48,16
DA:49,16
DA:53,20
DA:54,20
DA:55,5
DA:56,1
DA:57,1
DA:58,1
DA:59,4
DA:60,2
DA:61,2
DA:62,2
DA:63,2
DA:64,2
LF:42
LH:42
end_of_record
SF:pkg/core/server_signals.go
DA:16,19
DA:17,19
DA:18,19
DA:19,19
DA:20,19
DA:21,23
DA:22,23
DA:23,4
DA:24,4
DA:25,2
DA:26,2
DA:27,1
DA:28,1
DA:29,1
DA:30,1
DA:31,1
DA:32,1
DA:34,19
DA:35,19
DA:41,2
DA:42,2
DA:43,2
DA:44,2
DA:45,2
DA:46,2
DA:47,2
LF:26
LH:26
end_of_record
SF:pkg/core/router/router.go
DA:29,413
DA:30,413
DA:31,413
DA:33,3
DA:34,3
DA:35,3
DA:36,3
DA:37,3
DA:38,1
DA:39,1
DA:41,2
DA:42,2
DA:43,2
DA:44,2
DA:47,11
DA:48,11
DA:49,11
DA:50,11
DA:51,11
DA:52,11
DA:53,11
DA:54,11
DA:55,11
DA:56,1
DA:57,1
DA:58,11
DA:59,11
DA:60,11
DA:61,11
DA:62,11
DA:63,11
DA:64,11
DA:65,11
DA:66,11
DA:69,10
DA:70,10
DA:71,10
DA:72,10
DA:73,10
DA:74,10
DA:75,10
DA:76,10
DA:77,10
DA:78,1
DA:79,1
DA:80,1
DA:82,9
DA:83,9
DA:84,1
DA:85,1
DA:86,1
DA:87,8
DA:91,102413
DA:92,102413
DA:93,102413
DA:94,102413
DA:95,102413
DA:96,101987
DA:97,101987
DA:99,426
DA:100,426
DA:101,426
DA:102,426
DA:103,426
DA:104,16
DA:105,16
DA:107,410
DA:108,410
DA:109,410
DA:110,410
DA:111,410
DA:112,410
DA:113,410
DA:116,10
DA:117,10
DA:118,10
DA:119,1
DA:120,1
DA:121,1
DA:122,1
DA:123,1
DA:129,9
DA:130,8
DA:131,7
DA:132,7
DA:133,7
DA:138,2
DA:139,1
DA:140,1
DA:141,1
DA:142,1
DA:146,1
DA:151,3
DA:155,2
DA:156,2
DA:157,2
DA:158,2
DA:159,1
DA:160,1
DA:161,1
DA:162,1
DA:163,1
LF:102
LH:102
end_of_record
SF:pkg/core/mw/accesslog.go
DA:15,2
DA:16,2
DA:17,2
DA:18,2
DA:19,2
DA:20,2
DA:21,2
DA:22,2
DA:23,2
DA:24,2
DA:25,2
DA:26,2
DA:27,2
DA:28,2
DA:29,1
DA:30,1
DA:31,2
DA:32,1
DA:33,1
DA:34,2
DA:35,1
DA:36,1
DA:37,2
DA:42,6
DA:43,6
DA:44,2
DA:45,1
DA:46,1
DA:47,1
DA:49,4
DA:50,4
DA:51,1
DA:52,1
DA:53,3
DA:65,1
DA:67,2
DA:68,2
DA:69,2
DA:70,2
DA:72,1
DA:73,1
DA:74,1
DA:75,1
DA:76,1
LF:44
LH:44
end_of_record
SF:pkg/core/mw/authn_jwks.go
DA:42,16
DA:43,16
DA:44,16
DA:49,5
DA:50,5
DA:51,5
DA:52,2
DA:53,2
DA:54,3
DA:55,3
DA:56,3
DA:57,3
DA:58,3
DA:59,1
DA:61,2
DA:62,1
DA:63,1
DA:65,2
DA:69,6
DA:70,6
DA:71,2
DA:72,2
DA:73,3
DA:74,3
DA:76,1
DA:82,8
DA:83,8
DA:84,8
DA:85,8
DA:86,8
DA:87,1
DA:88,1
DA:90,7
DA:91,7
DA:92,3
DA:93,3
DA:94,4
DA:95,4
DA:96,4
DA:97,4
DA:98,4
DA:102,12
DA:103,12
DA:104,12
DA:105,4
DA:106,4
DA:107,8
DA:108,8
DA:109,8
DA:110,8
DA:111,8
DA:112,8
DA:113,1
DA:114,1
DA:116,7
DA:117,7
DA:118,7
DA:119,7
DA:120,1
DA:122,6
DA:124,7
DA:128,18
DA:129,18
DA:130,18
DA:131,18
DA:132,18
DA:133,18
DA:134,1
DA:135,1
DA:136,17
DA:137,5
DA:138,5
DA:139,5
DA:140,3
DA:141,3
DA:142,2
DA:143,10
DA:144,10
DA:145,10
DA:146,4
DA:147,4
DA:148,6
DA:149,2
DA:150,2
DA:155,5
DA:156,5
DA:157,5
DA:158,5
DA:159,5
DA:160,5
DA:161,1
DA:162,1
DA:163,4
DA:164,4
DA:165,1
DA:166,1
DA:167,3
DA:168,3
DA:169,1
DA:170,1
DA:171,2
DA:172,2
DA:173,2
DA:174,2
DA:178,10
DA:179,10
DA:180,10
DA:181,10
DA:182,10
DA:183,10
DA:184,10
DA:185,1
DA:186,1
DA:187,9
DA:188,9
DA:189,7
DA:190,7
DA:191,1
DA:192,1
DA:193,1
DA:194,1
DA:196,8
DA:197,8
DA:198,1
DA:199,1
DA:200,7
DA:201,7
DA:202,1
DA:203,1
DA:204,6
DA:205,6
DA:206,6
DA:207,6
DA:208,6
LF:134
LH:134
end_of_record
SF:pkg/core/mw/authn_jwt.go
DA:23,6
DA:24,6
DA:25,6
DA:26,2
DA:27,2
DA:28,6
DA:29,6
DA:30,6
DA:31,5
DA:32,5
DA:34,6
DA:35,6
DA:36,6
DA:37,1
DA:38,1
DA:39,1
DA:40,5
DA:41,5
DA:42,5
DA:43,5
DA:44,1
DA:45,1
DA:46,5
DA:47,5
DA:48,1
DA:49,1
DA:50,1
DA:51,1
DA:53,4
DA:54,4
DA:55,2
DA:56,1
DA:57,1
DA:58,1
DA:61,3
DA:68,10
DA:69,10
DA:70,10
DA:71,10
DA:72,10
DA:73,6
DA:74,6
DA:76,4
DA:77,4
DA:78,1
DA:79,1
DA:80,1
DA:81,1
DA:82,1
DA:83,1
DA:84,3
DA:85,3
DA:86,3
DA:87,8
DA:88,8
DA:89,8
DA:90,5
DA:92,3
DA:94,3
DA:95,1
DA:96,1
DA:97,1
DA:98,1
DA:99,1
DA:100,3
DA:104,7
DA:105,7
DA:106,1
DA:107,1
DA:108,6
DA:109,7
DA:110,7
DA:111,7
DA:112,7
DA:113,5
DA:114,5
DA:115,2
DA:117,1
DA:121,9
DA:122,9
DA:123,8
DA:124,1
DA:125,1
DA:126,7
DA:133,10
DA:134,10
DA:135,1
DA:136,1
DA:137,9
DA:138,8
DA:139,8
DA:140,1
DA:141,1
DA:147,8
DA:148,8
DA:149,8
DA:150,1
DA:151,1
DA:152,7
DA:153,7
DA:154,1
DA:155,1
DA:156,6
DA:157,3
DA:158,3
DA:159,2
DA:160,2
DA:161,1
DA:162,1
DA:164,2
DA:165,2
DA:166,1
DA:167,1
DA:168,1
DA:169,1
DA:171,1
DA:172,1
LF:117
LH:117
end_of_record
SF:pkg/core/mw/authn_signer.go
DA:29,3
DA:30,3
DA:31,3
DA:32,1
DA:33,1
DA:34,2
DA:35,2
DA:36,1
DA:37,1
DA:38,1
DA:42,2
DA:43,2
DA:44,2
DA:45,2
DA:46,2
DA:47,2
DA:48,2
DA:49,2
DA:50,2
DA:51,2
DA:52,1
DA:53,1
DA:54,1
DA:55,1
DA:60,12
DA:61,12
DA:62,12
DA:63,1
DA:64,1
DA:66,11
DA:67,2
DA:68,2
DA:69,9
DA:70,2
DA:71,2
DA:72,7
DA:73,5
DA:74,5
DA:75,1
DA:76,1
DA:77,4
DA:79,2
DA:82,3
DA:83,3
DA:84,1
DA:85,1
DA:86,1
DA:87,1
DA:88,1
DA:89,1
DA:90,1
DA:95,10
DA:96,10
DA:97,5
DA:98,5
DA:99,2
DA:100,2
DA:101,1
DA:102,1
DA:103,2
DA:104,2
LF:61
LH:61
end_of_record
SF:pkg/core/mw/authz.go
DA:24,2
DA:25,2
DA:26,2
DA:27,2
DA:28,1
DA:29,1
DA:30,1
DA:31,1
DA:35,13
DA:36,13
DA:37,13
DA:38,13
DA:39,13
DA:40,13
DA:41,1
DA:42,1
DA:43,1
DA:45,12
DA:46,12
DA:47,2
DA:48,2
DA:49,2
DA:50,10
DA:51,10
DA:52,10
DA:53,10
DA:54,2
DA:55,2
DA:56,2
DA:57,8
DA:58,8
DA:59,8
DA:60,4
DA:61,4
DA:62,4
DA:67,13
DA:68,13
DA:69,13
DA:70,13
DA:71,13
DA:72,13
DA:73,13
DA:74,13
DA:75,13
DA:76,4
DA:77,4
DA:78,9
DA:81,14
DA:82,14
DA:83,14
DA:84,2
DA:85,2
DA:86,14
DA:90,4
DA:91,4
DA:92,1
DA:93,1
DA:94,3
DA:95,3
DA:96,3
DA:97,3
DA:98,1
DA:99,1
DA:100,1
DA:101,2
DA:106,15
DA:107,15
DA:108,2
DA:109,2
DA:110,1
DA:111,1
DA:112,2
DA:114,13
DA:119,16
DA:120,16
DA:121,2
DA:122,2
DA:123,2
DA:124,2
DA:125,1
DA:126,1
DA:130,14
LF:82
LH:82
end_of_record
SF:pkg/core/mw/concurrency.go
DA:16,4
DA:17,4
DA:18,4
DA:19,1
DA:20,1
DA:21,3
DA:22,3
DA:23,3
DA:24,3
DA:25,7
DA:26,7
DA:27,7
DA:31,3
DA:32,3
DA:33,5
DA:34,5
DA:35,5
DA:36,1
DA:37,1
DA:38,1
DA:39,1
DA:40,4
DA:41,4
DA:42,4
DA:43,3
DA:45,1
DA:46,1
DA:47,1
DA:49,3
DA:51,3
LF:30
LH:30
end_of_record
SF:pkg/core/mw/otelspan.go
DA:19,4
DA:20,4
DA:21,4
DA:22,4
DA:23,4
DA:24,4
DA:25,4
DA:26,4
DA:27,4
DA:28,4
DA:29,4
DA:30,4
DA:31,3
DA:32,3
DA:34,1
DA:35,1
DA:36,1
DA:37,1
DA:38,1
DA:39,1
DA:40,1
DA:41,1
DA:42,1
DA:43,1
DA:44,1
DA:45,1
DA:46,1
DA:47,1
DA:53,8
DA:54,8
DA:55,8
DA:56,8
DA:57,2
DA:58,2
DA:59,6
DA:70,1
DA:72,4
DA:73,4
DA:74,4
DA:75,4
LF:40
LH:40
end_of_record
SF:pkg/core/mw/owasp.go
DA:13,6
DA:14,6
DA:15,6
DA:16,6
DA:17,6
DA:18,6
DA:19,6
DA:20,6
DA:21,6
DA:22,1
DA:23,1
DA:25,6
DA:26,1
DA:27,1
DA:29,6
DA:30,1
DA:31,1
DA:33,6
DA:34,1
DA:35,1
DA:36,1
DA:37,1
DA:39,6
DA:52,1
DA:54,4
DA:55,4
DA:56,1
DA:57,1
DA:58,3
DA:59,2
DA:60,2
DA:61,3
DA:62,3
DA:63,3
LF:34
LH:34
end_of_record
SF:pkg/core/mw/pressure.go
DA:18,4
DA:19,4
DA:20,1
DA:21,1
DA:22,3
DA:23,3
DA:24,3
DA:25,1
DA:26,1
DA:28,3
DA:29,3
DA:30,3
DA:31,3
DA:32,5
DA:33,5
DA:34,3
DA:35,3
DA:36,2
DA:37,2
DA:38,2
DA:39,2
DA:40,2
DA:41,2
DA:42,1
DA:43,1
DA:44,1
DA:45,1
DA:46,2
DA:47,1
DA:48,1
DA:49,1
DA:50,1
DA:55,9
DA:56,9
DA:57,1
DA:58,1
DA:59,8
DA:60,1
DA:61,1
DA:62,7
LF:40
LH:40
end_of_record
SF:pkg/core/mw/requestid.go
DA:14,2
DA:15,2
DA:16,2
DA:17,2
DA:18,1
DA:19,1
DA:20,2
DA:21,2
DA:22,2
DA:31,4
DA:32,4
DA:33,4
DA:34,4
DA:35,4
DA:36,4
DA:37,4
DA:38,4
DA:39,40
DA:40,40
DA:41,40
DA:42,40
DA:45,4
DA:46,4
DA:47,32
DA:48,32
DA:49,32
DA:50,32
DA:51,32
DA:52,32
DA:53,32
DA:54,32
DA:56,4
LF:32
LH:32
end_of_record
SF:pkg/core/mw/shedding.go
DA:9,2
DA:10,2
DA:11,2
DA:12,1
DA:13,1
DA:14,1
DA:15,1
DA:16,1
LF:8
LH:8
end_of_record
SF:pkg/core/mw/tracecontext.go
DA:18,3
DA:19,3
DA:20,3
DA:21,3
DA:22,3
DA:23,3
DA:24,3
DA:25,3
DA:31,3
DA:32,3
DA:33,3
DA:34,2
DA:35,2
DA:36,2
DA:37,1
DA:38,1
DA:40,2
DA:44,7
DA:45,7
DA:46,7
DA:47,7
DA:48,7
LF:22
LH:22
end_of_record
SF:pkg/core/sidecar/circuit.go
DA:27,14
DA:28,14
DA:29,1
DA:30,1
DA:31,14
DA:32,1
DA:33,1
DA:34,14
DA:40,24
DA:41,24
DA:42,24
DA:43,24
DA:44,24
DA:45,15
DA:46,15
DA:48,7
DA:49,7
DA:50,4
DA:51,4
DA:52,4
DA:53,3
DA:55,1
DA:56,1
DA:57,1
DA:59,1
DA:62,15
DA:63,15
DA:64,15
DA:65,15
DA:66,4
DA:67,4
DA:68,4
DA:69,11
DA:70,11
DA:71,6
DA:72,6
DA:73,6
DA:76,3
DA:77,3
DA:78,3
DA:79,3
DA:80,2
DA:81,2
DA:82,2
DA:83,1
DA:84,1
DA:85,1
LF:47
LH:47
end_of_record
SF:pkg/core/sidecar/health.go
DA:26,3
DA:27,3
DA:28,3
DA:29,3
DA:30,3
DA:31,3
DA:32,1
DA:33,1
DA:34,3
DA:35,3
DA:36,1
DA:37,1
DA:39,3
DA:40,3
DA:41,3
DA:42,3
DA:43,3
DA:44,3
DA:45,3
DA:46,22
DA:47,22
DA:48,3
DA:49,3
DA:50,19
DA:51,19
DA:57,28
DA:58,28
DA:59,28
DA:60,2
DA:61,2
DA:62,1
DA:63,1
DA:64,2
DA:66,26
DA:67,26
DA:68,26
DA:69,26
DA:70,1
DA:71,1
LF:39
LH:39
end_of_record
SF:pkg/core/sidecar/proxy.go
DA:37,10
DA:38,10
DA:39,10
DA:40,1
DA:41,1
DA:43,9
DA:44,9
DA:45,1
DA:46,1
DA:48,8
DA:49,8
DA:50,2
DA:51,2
DA:52,2
DA:53,2
DA:54,2
DA:55,2
DA:57,8
DA:58,8
DA:59,8
DA:60,8
DA:61,8
DA:62,8
DA:63,8
DA:64,2
DA:65,2
DA:67,8
DA:68,8
DA:69,6
DA:70,6
DA:71,6
DA:72,6
DA:73,6
DA:74,6
DA:75,6
DA:76,6
DA:77,6
DA:78,1
DA:79,1
DA:82,4
DA:83,4
DA:84,1
DA:85,1
DA:86,3
DA:87,3
DA:88,3
DA:89,3
DA:90,1
DA:91,1
DA:92,2
DA:93,1
DA:94,1
DA:95,1
DA:96,1
DA:98,4
DA:99,4
DA:100,1
DA:101,1
DA:102,1
DA:103,1
DA:104,2
DA:105,2
DA:110,8
DA:117,18
DA:118,18
DA:119,10
DA:120,9
DA:121,9
DA:122,1
DA:125,8
DA:126,8
DA:127,8
DA:128,8
DA:129,8
DA:130,1
DA:131,1
DA:133,8
DA:134,4
DA:135,4
DA:136,2
DA:137,2
DA:138,2
DA:139,2
DA:140,1
DA:141,1
DA:142,1
DA:145,5
DA:146,2
DA:147,2
DA:148,1
DA:149,1
DA:150,1
DA:153,4
DA:158,9
DA:159,9
DA:160,2
DA:161,2
DA:162,9
DA:163,8
DA:164,8
DA:165,1
DA:166,1
DA:167,1
DA:168,1
DA:169,2
DA:170,2
DA:171,1
DA:172,1
DA:182,5
DA:183,5
DA:184,5
DA:185,2
DA:186,2
DA:187,3
DA:188,3
DA:189,2
DA:190,2
DA:191,2
DA:192,1
DA:193,1
LF:120
LH:120
end_of_record
SF:pkg/core/sidecar/xff.go
DA:18,11
DA:19,11
DA:20,11
DA:21,1
DA:22,1
DA:23,1
DA:24,1
DA:25,9
DA:26,9
DA:27,8
DA:28,8
DA:29,1
DA:30,1
DA:32,11
DA:46,16
DA:47,16
DA:48,12
DA:49,12
DA:50,4
DA:51,4
DA:52,3
DA:53,3
DA:54,3
DA:56,4
DA:57,4
DA:58,4
DA:59,4
DA:60,3
DA:61,3
DA:62,1
DA:65,13
DA:66,13
DA:67,13
DA:68,1
DA:69,1
DA:70,12
LF:36
LH:36
end_of_record
SF:pkg/core/tls/cert.go
DA:14,6
DA:15,6
DA:16,6
DA:17,2
DA:18,2
DA:19,4
DA:20,4
DA:21,1
DA:22,1
DA:23,3
DA:24,3
DA:25,1
DA:26,1
DA:27,2
DA:33,2
DA:34,2
DA:35,2
DA:36,1
DA:37,1
DA:38,1
LF:20
LH:20
end_of_record
SF:pkg/core/tls/certloader.go
DA:17,2
DA:18,2
DA:19,2
DA:20,2
DA:24,3
DA:25,3
DA:26,3
DA:27,1
DA:28,1
DA:29,2
DA:30,2
DA:34,2
DA:35,2
DA:36,2
DA:37,1
DA:38,1
DA:39,1
LF:17
LH:17
end_of_record
SF:pkg/core/tls/policy_fips.go
DA:11,1
DA:12,1
DA:13,1
DA:14,1
DA:15,1
DA:16,1
DA:17,1
DA:18,1
LF:8
LH:8
end_of_record
SF:pkg/core/tracing/provider.go
DA:63,10
DA:64,10
DA:65,2
DA:66,2
DA:68,8
DA:69,8
DA:70,8
DA:71,8
DA:72,8
DA:73,8
DA:74,8
DA:75,8
DA:76,8
DA:77,8
DA:78,8
DA:79,8
DA:80,8
DA:81,8
DA:82,8
DA:83,8
DA:88,3635
DA:89,3635
DA:90,2645
DA:91,990
DA:97,9
DA:98,9
DA:99,1
DA:100,1
DA:101,8
DA:102,8
DA:105,8
DA:106,8
DA:107,8
DA:108,8
DA:109,8
DA:110,8
DA:111,10
DA:112,10
DA:113,8
DA:114,8
DA:115,8
DA:118,635
DA:119,635
DA:120,626
DA:121,626
DA:122,626
DA:123,1
DA:124,1
DA:125,1
DA:126,1
DA:127,8
DA:128,2027
DA:129,2027
DA:130,2019
DA:131,2019
DA:132,8
DA:133,8
DA:134,8
DA:141,10
DA:142,10
DA:143,10
DA:144,1
DA:145,1
DA:146,9
DA:147,9
DA:148,9
DA:149,9
DA:150,1
DA:151,1
DA:152,8
DA:153,8
DA:154,8
DA:155,3
DA:156,3
DA:157,5
DA:211,5313
DA:212,2650
DA:214,13
DA:215,13
DA:216,2650
DA:217,2650
DA:218,2650
DA:219,1
DA:220,1
DA:221,2650
DA:222,2650
DA:223,2650
DA:224,2650
DA:225,2650
DA:226,2650
DA:227,2650
DA:228,2650
DA:229,2650
DA:230,2650
DA:231,2650
DA:232,2650
DA:233,2650
DA:234,2650
DA:235,2650
DA:237,13
DA:238,13
DA:239,13
DA:240,13
DA:241,13
DA:242,13
DA:243,13
DA:244,13
LF:107
LH:107
end_of_record
